#
# There is insufficient memory for the Java Runtime Environment to continue.
# Native memory allocation (malloc) failed to allocate 1452336 bytes for Chunk::new
# Possible reasons:
#   The system is out of physical RAM or swap space
#   The process is running with CompressedOops enabled, and the Java Heap may be blocking the growth of the native heap
# Possible solutions:
#   Reduce memory load on the system
#   Increase physical memory or swap space
#   Check if swap backing store is full
#   Decrease Java heap size (-Xmx/-Xms)
#   Decrease number of Java threads
#   Decrease Java thread stack sizes (-Xss)
#   Set larger code cache with -XX:ReservedCodeCacheSize=
#   JVM is running with Zero Based Compressed Oops mode in which the Java heap is
#     placed in the first 32GB address space. The Java Heap base address is the
#     maximum limit for the native heap growth. Please use -XX:HeapBaseMinAddress
#     to set the Java Heap base and to place the Java Heap above 32GB virtual address.
# This output file may be truncated or incomplete.
#
#  Out of Memory Error (arena.cpp:168), pid=16900, tid=5348
#
# JRE version: OpenJDK Runtime Environment (21.0.1+12) (build 21.0.1+12-29)
# Java VM: OpenJDK 64-Bit Server VM (21.0.1+12-29, mixed mode, sharing, tiered, compressed oops, compressed class ptrs, g1 gc, windows-amd64)
# No core dump will be written. Minidumps are not enabled by default on client versions of Windows
#

---------------  S U M M A R Y ------------

Command Line: -javaagent:C:\Program Files\JetBrains\IntelliJ IDEA Community Edition 2023.2.4\lib\idea_rt.jar=61918:C:\Program Files\JetBrains\IntelliJ IDEA Community Edition 2023.2.4\bin -Dfile.encoding=UTF-8 -Dsun.stdout.encoding=UTF-8 -Dsun.stderr.encoding=UTF-8 com.jb.TokenProjectApplication

Host: 12th Gen Intel(R) Core(TM) i5-12400F, 12 cores, 15G,  Windows 11 , 64 bit Build 22621 (10.0.22621.2506)
Time: Tue Dec 26 23:57:56 2023 Jerusalem Standard Time elapsed time: 0.922005 seconds (0d 0h 0m 0s)

---------------  T H R E A D  ---------------

Current thread (0x0000028ea416d6a0):  JavaThread "C2 CompilerThread1" daemon [_thread_in_native, id=5348, stack(0x000000f3fed00000,0x000000f3fee00000) (1024K)]


Current CompileTask:
C2:    922 2533       4       java.lang.invoke.MethodType::makeImpl (109 bytes)

Stack: [0x000000f3fed00000,0x000000f3fee00000]
Native frames: (J=compiled Java code, j=interpreted, Vv=VM code, C=native code)
V  [jvm.dll+0x6c9029]
V  [jvm.dll+0x854b81]
V  [jvm.dll+0x856e5e]
V  [jvm.dll+0x857543]
V  [jvm.dll+0x280c06]
V  [jvm.dll+0xc3ead]
V  [jvm.dll+0xc43c3]
V  [jvm.dll+0x3b5732]
V  [jvm.dll+0x382475]
V  [jvm.dll+0x3818ea]
V  [jvm.dll+0x249ad0]
V  [jvm.dll+0x2490b1]
V  [jvm.dll+0x1c9ca1]
V  [jvm.dll+0x2586b9]
V  [jvm.dll+0x256c9a]
V  [jvm.dll+0x3ef1b6]
V  [jvm.dll+0x7fd728]
V  [jvm.dll+0x6c777d]
C  [ucrtbase.dll+0x29363]
C  [KERNEL32.DLL+0x1257d]
C  [ntdll.dll+0x5aa58]


---------------  P R O C E S S  ---------------

Threads class SMR info:
_java_thread_list=0x0000028eeb390000, length=16, elements={
0x0000028e82f883b0, 0x0000028ea4151420, 0x0000028ea4152e90, 0x0000028ea4154c40,
0x0000028ea4156910, 0x0000028ea41576d0, 0x0000028ea4158130, 0x0000028ea4168eb0,
0x0000028ea416cfd0, 0x0000028ea49d5610, 0x0000028ea416d6a0, 0x0000028ea416c230,
0x0000028ea4c45000, 0x0000028ea4c45670, 0x0000028eea800640, 0x0000028eea793d30
}

Java Threads: ( => current thread )
  0x0000028e82f883b0 JavaThread "main"                              [_thread_blocked, id=8896, stack(0x000000f3fdc00000,0x000000f3fdd00000) (1024K)]
  0x0000028ea4151420 JavaThread "Reference Handler"          daemon [_thread_blocked, id=5972, stack(0x000000f3fe400000,0x000000f3fe500000) (1024K)]
  0x0000028ea4152e90 JavaThread "Finalizer"                  daemon [_thread_blocked, id=6556, stack(0x000000f3fe500000,0x000000f3fe600000) (1024K)]
  0x0000028ea4154c40 JavaThread "Signal Dispatcher"          daemon [_thread_blocked, id=8208, stack(0x000000f3fe600000,0x000000f3fe700000) (1024K)]
  0x0000028ea4156910 JavaThread "Attach Listener"            daemon [_thread_blocked, id=4948, stack(0x000000f3fe700000,0x000000f3fe800000) (1024K)]
  0x0000028ea41576d0 JavaThread "Service Thread"             daemon [_thread_blocked, id=12928, stack(0x000000f3fe800000,0x000000f3fe900000) (1024K)]
  0x0000028ea4158130 JavaThread "Monitor Deflation Thread"   daemon [_thread_blocked, id=4904, stack(0x000000f3fe900000,0x000000f3fea00000) (1024K)]
  0x0000028ea4168eb0 JavaThread "C2 CompilerThread0"         daemon [_thread_in_native, id=11180, stack(0x000000f3fea00000,0x000000f3feb00000) (1024K)]
  0x0000028ea416cfd0 JavaThread "C1 CompilerThread0"         daemon [_thread_in_native, id=6020, stack(0x000000f3feb00000,0x000000f3fec00000) (1024K)]
  0x0000028ea49d5610 JavaThread "Common-Cleaner"             daemon [_thread_blocked, id=8756, stack(0x000000f3fec00000,0x000000f3fed00000) (1024K)]
=>0x0000028ea416d6a0 JavaThread "C2 CompilerThread1"         daemon [_thread_in_native, id=5348, stack(0x000000f3fed00000,0x000000f3fee00000) (1024K)]
  0x0000028ea416c230 JavaThread "C2 CompilerThread2"         daemon [_thread_in_native, id=1676, stack(0x000000f3fee00000,0x000000f3fef00000) (1024K)]
  0x0000028ea4c45000 JavaThread "Monitor Ctrl-Break"         daemon [_thread_in_native, id=16500, stack(0x000000f3fef00000,0x000000f3ff000000) (1024K)]
  0x0000028ea4c45670 JavaThread "Notification Thread"        daemon [_thread_blocked, id=11268, stack(0x000000f3ff000000,0x000000f3ff100000) (1024K)]
  0x0000028eea800640 JavaThread "Thread-0"                          [_thread_blocked, id=13220, stack(0x000000f3ff100000,0x000000f3ff200000) (1024K)]
  0x0000028eea793d30 JavaThread "restartedMain"                     [_thread_in_Java, id=12384, stack(0x000000f3ff200000,0x000000f3ff300000) (1024K)]
Total: 16

Other Threads:
  0x0000028ea4133db0 VMThread "VM Thread"                           [id=1640, stack(0x000000f3fe300000,0x000000f3fe400000) (1024K)]
  0x0000028ea4119ae0 WatcherThread "VM Periodic Task Thread"        [id=17392, stack(0x000000f3fe200000,0x000000f3fe300000) (1024K)]
  0x0000028e852c71b0 WorkerThread "GC Thread#0"                     [id=17116, stack(0x000000f3fdd00000,0x000000f3fde00000) (1024K)]
  0x0000028eea8090a0 WorkerThread "GC Thread#1"                     [id=1772, stack(0x000000f3ff300000,0x000000f3ff400000) (1024K)]
  0x0000028eea80d860 WorkerThread "GC Thread#2"                     [id=10772, stack(0x000000f3ff400000,0x000000f3ff500000) (1024K)]
  0x0000028eea80dc00 WorkerThread "GC Thread#3"                     [id=6376, stack(0x000000f3ff500000,0x000000f3ff600000) (1024K)]
  0x0000028eea80e3b0 WorkerThread "GC Thread#4"                     [id=14232, stack(0x000000f3ff600000,0x000000f3ff700000) (1024K)]
  0x0000028eea80f050 WorkerThread "GC Thread#5"                     [id=11484, stack(0x000000f3ff700000,0x000000f3ff800000) (1024K)]
  0x0000028eeac91860 WorkerThread "GC Thread#6"                     [id=6248, stack(0x000000f3ff900000,0x000000f3ffa00000) (1024K)]
  0x0000028eeac91c00 WorkerThread "GC Thread#7"                     [id=8140, stack(0x000000f3ffa00000,0x000000f3ffb00000) (1024K)]
  0x0000028eeadd0f10 WorkerThread "GC Thread#8"                     [id=18112, stack(0x000000f3ffb00000,0x000000f3ffc00000) (1024K)]
  0x0000028eeadd2a70 WorkerThread "GC Thread#9"                     [id=17080, stack(0x000000f3ffc00000,0x000000f3ffd00000) (1024K)]
  0x0000028e852d3f20 ConcurrentGCThread "G1 Main Marker"            [id=1512, stack(0x000000f3fde00000,0x000000f3fdf00000) (1024K)]
  0x0000028e852d4fd0 WorkerThread "G1 Conc#0"                       [id=8688, stack(0x000000f3fdf00000,0x000000f3fe000000) (1024K)]
  0x0000028e8531e3a0 ConcurrentGCThread "G1 Refine#0"               [id=3228, stack(0x000000f3fe000000,0x000000f3fe100000) (1024K)]
  0x0000028ea3fe9fd0 ConcurrentGCThread "G1 Service"                [id=4596, stack(0x000000f3fe100000,0x000000f3fe200000) (1024K)]
Total: 16

Threads with active compile tasks:
C2 CompilerThread0      929 2660       4       java.util.jar.JarFile::getVersionedEntry (133 bytes)
C1 CompilerThread0      929 2725       3       org.springframework.core.type.classreading.MergedAnnotationReadingVisitor$$Lambda/0x0000028ea6210e40::accept (16 bytes)
C2 CompilerThread1      929 2533       4       java.lang.invoke.MethodType::makeImpl (109 bytes)
C2 CompilerThread2      929 2643       4       org.springframework.boot.context.properties.source.ConfigurationPropertyName$ElementsParser::parse (234 bytes)
Total: 4

VM state: not at safepoint (normal execution)

VM Mutex/Monitor currently owned by a thread: None

Heap address: 0x0000000702e00000, size: 4050 MB, Compressed Oops mode: Zero based, Oop shift amount: 3

CDS archive(s) mapped at: [0x0000028ea5000000-0x0000028ea5c90000-0x0000028ea5c90000), size 13172736, SharedBaseAddress: 0x0000028ea5000000, ArchiveRelocationMode: 1.
Compressed class space mapped at: 0x0000028ea6000000-0x0000028ee6000000, reserved size: 1073741824
Narrow klass base: 0x0000028ea5000000, Narrow klass shift: 0, Narrow klass range: 0x100000000

GC Precious Log:
 CardTable entry size: 512
 Card Set container configuration: InlinePtr #cards 4 size 8 Array Of Cards #cards 16 size 48 Howl #buckets 8 coarsen threshold 3686 Howl Bitmap #cards 512 size 80 coarsen threshold 460 Card regions per heap region 1 cards per card region 4096
 CPUs: 12 total, 12 available
 Memory: 16195M
 Large Page Support: Disabled
 NUMA Support: Disabled
 Compressed Oops: Enabled (Zero based)
 Heap Region Size: 2M
 Heap Min Capacity: 8M
 Heap Initial Capacity: 254M
 Heap Max Capacity: 4050M
 Pre-touch: Disabled
 Parallel Workers: 10
 Concurrent Workers: 3
 Concurrent Refinement Workers: 10
 Periodic GC: Disabled

Heap:
 garbage-first heap   total 260096K, used 41817K [0x0000000702e00000, 0x0000000800000000)
  region size 2048K, 20 young (40960K), 2 survivors (4096K)
 Metaspace       used 19288K, committed 19648K, reserved 1114112K
  class space    used 2321K, committed 2496K, reserved 1048576K

Heap Regions: E=young(eden), S=young(survivor), O=old, HS=humongous(starts), HC=humongous(continues), CS=collection set, F=free, TAMS=top-at-mark-start, PB=parsable bottom
|   0|0x0000000702e00000, 0x0000000703000000, 0x0000000703000000|100%| O|  |TAMS 0x0000000702e00000| PB 0x0000000702e00000| Untracked 
|   1|0x0000000703000000, 0x0000000703200000, 0x0000000703200000|100%| O|  |TAMS 0x0000000703000000| PB 0x0000000703000000| Untracked 
|   2|0x0000000703200000, 0x0000000703400000, 0x0000000703400000|100%| O|  |TAMS 0x0000000703200000| PB 0x0000000703200000| Untracked 
|   3|0x0000000703400000, 0x000000070340e390, 0x0000000703600000|  2%| O|  |TAMS 0x0000000703400000| PB 0x0000000703400000| Untracked 
|   4|0x0000000703600000, 0x0000000703600000, 0x0000000703800000|  0%| F|  |TAMS 0x0000000703600000| PB 0x0000000703600000| Untracked 
|   5|0x0000000703800000, 0x0000000703800000, 0x0000000703a00000|  0%| F|  |TAMS 0x0000000703800000| PB 0x0000000703800000| Untracked 
|   6|0x0000000703a00000, 0x0000000703a00000, 0x0000000703c00000|  0%| F|  |TAMS 0x0000000703a00000| PB 0x0000000703a00000| Untracked 
|   7|0x0000000703c00000, 0x0000000703c00000, 0x0000000703e00000|  0%| F|  |TAMS 0x0000000703c00000| PB 0x0000000703c00000| Untracked 
|   8|0x0000000703e00000, 0x0000000703e00000, 0x0000000704000000|  0%| F|  |TAMS 0x0000000703e00000| PB 0x0000000703e00000| Untracked 
|   9|0x0000000704000000, 0x0000000704000000, 0x0000000704200000|  0%| F|  |TAMS 0x0000000704000000| PB 0x0000000704000000| Untracked 
|  10|0x0000000704200000, 0x0000000704200000, 0x0000000704400000|  0%| F|  |TAMS 0x0000000704200000| PB 0x0000000704200000| Untracked 
|  11|0x0000000704400000, 0x0000000704400000, 0x0000000704600000|  0%| F|  |TAMS 0x0000000704400000| PB 0x0000000704400000| Untracked 
|  12|0x0000000704600000, 0x0000000704600000, 0x0000000704800000|  0%| F|  |TAMS 0x0000000704600000| PB 0x0000000704600000| Untracked 
|  13|0x0000000704800000, 0x0000000704800000, 0x0000000704a00000|  0%| F|  |TAMS 0x0000000704800000| PB 0x0000000704800000| Untracked 
|  14|0x0000000704a00000, 0x0000000704a00000, 0x0000000704c00000|  0%| F|  |TAMS 0x0000000704a00000| PB 0x0000000704a00000| Untracked 
|  15|0x0000000704c00000, 0x0000000704c00000, 0x0000000704e00000|  0%| F|  |TAMS 0x0000000704c00000| PB 0x0000000704c00000| Untracked 
|  16|0x0000000704e00000, 0x0000000704e00000, 0x0000000705000000|  0%| F|  |TAMS 0x0000000704e00000| PB 0x0000000704e00000| Untracked 
|  17|0x0000000705000000, 0x0000000705000000, 0x0000000705200000|  0%| F|  |TAMS 0x0000000705000000| PB 0x0000000705000000| Untracked 
|  18|0x0000000705200000, 0x0000000705200000, 0x0000000705400000|  0%| F|  |TAMS 0x0000000705200000| PB 0x0000000705200000| Untracked 
|  19|0x0000000705400000, 0x0000000705400000, 0x0000000705600000|  0%| F|  |TAMS 0x0000000705400000| PB 0x0000000705400000| Untracked 
|  20|0x0000000705600000, 0x0000000705600000, 0x0000000705800000|  0%| F|  |TAMS 0x0000000705600000| PB 0x0000000705600000| Untracked 
|  21|0x0000000705800000, 0x0000000705800000, 0x0000000705a00000|  0%| F|  |TAMS 0x0000000705800000| PB 0x0000000705800000| Untracked 
|  22|0x0000000705a00000, 0x0000000705a00000, 0x0000000705c00000|  0%| F|  |TAMS 0x0000000705a00000| PB 0x0000000705a00000| Untracked 
|  23|0x0000000705c00000, 0x0000000705c00000, 0x0000000705e00000|  0%| F|  |TAMS 0x0000000705c00000| PB 0x0000000705c00000| Untracked 
|  24|0x0000000705e00000, 0x0000000705e00000, 0x0000000706000000|  0%| F|  |TAMS 0x0000000705e00000| PB 0x0000000705e00000| Untracked 
|  25|0x0000000706000000, 0x0000000706000000, 0x0000000706200000|  0%| F|  |TAMS 0x0000000706000000| PB 0x0000000706000000| Untracked 
|  26|0x0000000706200000, 0x0000000706200000, 0x0000000706400000|  0%| F|  |TAMS 0x0000000706200000| PB 0x0000000706200000| Untracked 
|  27|0x0000000706400000, 0x0000000706400000, 0x0000000706600000|  0%| F|  |TAMS 0x0000000706400000| PB 0x0000000706400000| Untracked 
|  28|0x0000000706600000, 0x0000000706600000, 0x0000000706800000|  0%| F|  |TAMS 0x0000000706600000| PB 0x0000000706600000| Untracked 
|  29|0x0000000706800000, 0x0000000706800000, 0x0000000706a00000|  0%| F|  |TAMS 0x0000000706800000| PB 0x0000000706800000| Untracked 
|  30|0x0000000706a00000, 0x0000000706a00000, 0x0000000706c00000|  0%| F|  |TAMS 0x0000000706a00000| PB 0x0000000706a00000| Untracked 
|  31|0x0000000706c00000, 0x0000000706c00000, 0x0000000706e00000|  0%| F|  |TAMS 0x0000000706c00000| PB 0x0000000706c00000| Untracked 
|  32|0x0000000706e00000, 0x0000000706e00000, 0x0000000707000000|  0%| F|  |TAMS 0x0000000706e00000| PB 0x0000000706e00000| Untracked 
|  33|0x0000000707000000, 0x0000000707000000, 0x0000000707200000|  0%| F|  |TAMS 0x0000000707000000| PB 0x0000000707000000| Untracked 
|  34|0x0000000707200000, 0x0000000707200000, 0x0000000707400000|  0%| F|  |TAMS 0x0000000707200000| PB 0x0000000707200000| Untracked 
|  35|0x0000000707400000, 0x0000000707400000, 0x0000000707600000|  0%| F|  |TAMS 0x0000000707400000| PB 0x0000000707400000| Untracked 
|  36|0x0000000707600000, 0x0000000707600000, 0x0000000707800000|  0%| F|  |TAMS 0x0000000707600000| PB 0x0000000707600000| Untracked 
|  37|0x0000000707800000, 0x0000000707800000, 0x0000000707a00000|  0%| F|  |TAMS 0x0000000707800000| PB 0x0000000707800000| Untracked 
|  38|0x0000000707a00000, 0x0000000707a00000, 0x0000000707c00000|  0%| F|  |TAMS 0x0000000707a00000| PB 0x0000000707a00000| Untracked 
|  39|0x0000000707c00000, 0x0000000707c00000, 0x0000000707e00000|  0%| F|  |TAMS 0x0000000707c00000| PB 0x0000000707c00000| Untracked 
|  40|0x0000000707e00000, 0x0000000707e00000, 0x0000000708000000|  0%| F|  |TAMS 0x0000000707e00000| PB 0x0000000707e00000| Untracked 
|  41|0x0000000708000000, 0x0000000708000000, 0x0000000708200000|  0%| F|  |TAMS 0x0000000708000000| PB 0x0000000708000000| Untracked 
|  42|0x0000000708200000, 0x0000000708200000, 0x0000000708400000|  0%| F|  |TAMS 0x0000000708200000| PB 0x0000000708200000| Untracked 
|  43|0x0000000708400000, 0x0000000708400000, 0x0000000708600000|  0%| F|  |TAMS 0x0000000708400000| PB 0x0000000708400000| Untracked 
|  44|0x0000000708600000, 0x0000000708600000, 0x0000000708800000|  0%| F|  |TAMS 0x0000000708600000| PB 0x0000000708600000| Untracked 
|  45|0x0000000708800000, 0x0000000708800000, 0x0000000708a00000|  0%| F|  |TAMS 0x0000000708800000| PB 0x0000000708800000| Untracked 
|  46|0x0000000708a00000, 0x0000000708a00000, 0x0000000708c00000|  0%| F|  |TAMS 0x0000000708a00000| PB 0x0000000708a00000| Untracked 
|  47|0x0000000708c00000, 0x0000000708c00000, 0x0000000708e00000|  0%| F|  |TAMS 0x0000000708c00000| PB 0x0000000708c00000| Untracked 
|  48|0x0000000708e00000, 0x0000000708e00000, 0x0000000709000000|  0%| F|  |TAMS 0x0000000708e00000| PB 0x0000000708e00000| Untracked 
|  49|0x0000000709000000, 0x0000000709000000, 0x0000000709200000|  0%| F|  |TAMS 0x0000000709000000| PB 0x0000000709000000| Untracked 
|  50|0x0000000709200000, 0x0000000709200000, 0x0000000709400000|  0%| F|  |TAMS 0x0000000709200000| PB 0x0000000709200000| Untracked 
|  51|0x0000000709400000, 0x0000000709400000, 0x0000000709600000|  0%| F|  |TAMS 0x0000000709400000| PB 0x0000000709400000| Untracked 
|  52|0x0000000709600000, 0x0000000709600000, 0x0000000709800000|  0%| F|  |TAMS 0x0000000709600000| PB 0x0000000709600000| Untracked 
|  53|0x0000000709800000, 0x0000000709800000, 0x0000000709a00000|  0%| F|  |TAMS 0x0000000709800000| PB 0x0000000709800000| Untracked 
|  54|0x0000000709a00000, 0x0000000709a00000, 0x0000000709c00000|  0%| F|  |TAMS 0x0000000709a00000| PB 0x0000000709a00000| Untracked 
|  55|0x0000000709c00000, 0x0000000709c00000, 0x0000000709e00000|  0%| F|  |TAMS 0x0000000709c00000| PB 0x0000000709c00000| Untracked 
|  56|0x0000000709e00000, 0x0000000709e00000, 0x000000070a000000|  0%| F|  |TAMS 0x0000000709e00000| PB 0x0000000709e00000| Untracked 
|  57|0x000000070a000000, 0x000000070a000000, 0x000000070a200000|  0%| F|  |TAMS 0x000000070a000000| PB 0x000000070a000000| Untracked 
|  58|0x000000070a200000, 0x000000070a200000, 0x000000070a400000|  0%| F|  |TAMS 0x000000070a200000| PB 0x000000070a200000| Untracked 
|  59|0x000000070a400000, 0x000000070a400000, 0x000000070a600000|  0%| F|  |TAMS 0x000000070a400000| PB 0x000000070a400000| Untracked 
|  60|0x000000070a600000, 0x000000070a600000, 0x000000070a800000|  0%| F|  |TAMS 0x000000070a600000| PB 0x000000070a600000| Untracked 
|  61|0x000000070a800000, 0x000000070a800000, 0x000000070aa00000|  0%| F|  |TAMS 0x000000070a800000| PB 0x000000070a800000| Untracked 
|  62|0x000000070aa00000, 0x000000070aa00000, 0x000000070ac00000|  0%| F|  |TAMS 0x000000070aa00000| PB 0x000000070aa00000| Untracked 
|  63|0x000000070ac00000, 0x000000070ac00000, 0x000000070ae00000|  0%| F|  |TAMS 0x000000070ac00000| PB 0x000000070ac00000| Untracked 
|  64|0x000000070ae00000, 0x000000070ae00000, 0x000000070b000000|  0%| F|  |TAMS 0x000000070ae00000| PB 0x000000070ae00000| Untracked 
|  65|0x000000070b000000, 0x000000070b000000, 0x000000070b200000|  0%| F|  |TAMS 0x000000070b000000| PB 0x000000070b000000| Untracked 
|  66|0x000000070b200000, 0x000000070b200000, 0x000000070b400000|  0%| F|  |TAMS 0x000000070b200000| PB 0x000000070b200000| Untracked 
|  67|0x000000070b400000, 0x000000070b400000, 0x000000070b600000|  0%| F|  |TAMS 0x000000070b400000| PB 0x000000070b400000| Untracked 
|  68|0x000000070b600000, 0x000000070b600000, 0x000000070b800000|  0%| F|  |TAMS 0x000000070b600000| PB 0x000000070b600000| Untracked 
|  69|0x000000070b800000, 0x000000070b800000, 0x000000070ba00000|  0%| F|  |TAMS 0x000000070b800000| PB 0x000000070b800000| Untracked 
|  70|0x000000070ba00000, 0x000000070ba00000, 0x000000070bc00000|  0%| F|  |TAMS 0x000000070ba00000| PB 0x000000070ba00000| Untracked 
|  71|0x000000070bc00000, 0x000000070bc00000, 0x000000070be00000|  0%| F|  |TAMS 0x000000070bc00000| PB 0x000000070bc00000| Untracked 
|  72|0x000000070be00000, 0x000000070be00000, 0x000000070c000000|  0%| F|  |TAMS 0x000000070be00000| PB 0x000000070be00000| Untracked 
|  73|0x000000070c000000, 0x000000070c000000, 0x000000070c200000|  0%| F|  |TAMS 0x000000070c000000| PB 0x000000070c000000| Untracked 
|  74|0x000000070c200000, 0x000000070c200000, 0x000000070c400000|  0%| F|  |TAMS 0x000000070c200000| PB 0x000000070c200000| Untracked 
|  75|0x000000070c400000, 0x000000070c400000, 0x000000070c600000|  0%| F|  |TAMS 0x000000070c400000| PB 0x000000070c400000| Untracked 
|  76|0x000000070c600000, 0x000000070c600000, 0x000000070c800000|  0%| F|  |TAMS 0x000000070c600000| PB 0x000000070c600000| Untracked 
|  77|0x000000070c800000, 0x000000070c800000, 0x000000070ca00000|  0%| F|  |TAMS 0x000000070c800000| PB 0x000000070c800000| Untracked 
|  78|0x000000070ca00000, 0x000000070ca00000, 0x000000070cc00000|  0%| F|  |TAMS 0x000000070ca00000| PB 0x000000070ca00000| Untracked 
|  79|0x000000070cc00000, 0x000000070cc00000, 0x000000070ce00000|  0%| F|  |TAMS 0x000000070cc00000| PB 0x000000070cc00000| Untracked 
|  80|0x000000070ce00000, 0x000000070ce00000, 0x000000070d000000|  0%| F|  |TAMS 0x000000070ce00000| PB 0x000000070ce00000| Untracked 
|  81|0x000000070d000000, 0x000000070d000000, 0x000000070d200000|  0%| F|  |TAMS 0x000000070d000000| PB 0x000000070d000000| Untracked 
|  82|0x000000070d200000, 0x000000070d200000, 0x000000070d400000|  0%| F|  |TAMS 0x000000070d200000| PB 0x000000070d200000| Untracked 
|  83|0x000000070d400000, 0x000000070d400000, 0x000000070d600000|  0%| F|  |TAMS 0x000000070d400000| PB 0x000000070d400000| Untracked 
|  84|0x000000070d600000, 0x000000070d600000, 0x000000070d800000|  0%| F|  |TAMS 0x000000070d600000| PB 0x000000070d600000| Untracked 
|  85|0x000000070d800000, 0x000000070d800000, 0x000000070da00000|  0%| F|  |TAMS 0x000000070d800000| PB 0x000000070d800000| Untracked 
|  86|0x000000070da00000, 0x000000070da00000, 0x000000070dc00000|  0%| F|  |TAMS 0x000000070da00000| PB 0x000000070da00000| Untracked 
|  87|0x000000070dc00000, 0x000000070dc00000, 0x000000070de00000|  0%| F|  |TAMS 0x000000070dc00000| PB 0x000000070dc00000| Untracked 
|  88|0x000000070de00000, 0x000000070de00000, 0x000000070e000000|  0%| F|  |TAMS 0x000000070de00000| PB 0x000000070de00000| Untracked 
|  89|0x000000070e000000, 0x000000070e000000, 0x000000070e200000|  0%| F|  |TAMS 0x000000070e000000| PB 0x000000070e000000| Untracked 
|  90|0x000000070e200000, 0x000000070e200000, 0x000000070e400000|  0%| F|  |TAMS 0x000000070e200000| PB 0x000000070e200000| Untracked 
|  91|0x000000070e400000, 0x000000070e400000, 0x000000070e600000|  0%| F|  |TAMS 0x000000070e400000| PB 0x000000070e400000| Untracked 
|  92|0x000000070e600000, 0x000000070e600000, 0x000000070e800000|  0%| F|  |TAMS 0x000000070e600000| PB 0x000000070e600000| Untracked 
|  93|0x000000070e800000, 0x000000070e800000, 0x000000070ea00000|  0%| F|  |TAMS 0x000000070e800000| PB 0x000000070e800000| Untracked 
|  94|0x000000070ea00000, 0x000000070ea00000, 0x000000070ec00000|  0%| F|  |TAMS 0x000000070ea00000| PB 0x000000070ea00000| Untracked 
|  95|0x000000070ec00000, 0x000000070ec00000, 0x000000070ee00000|  0%| F|  |TAMS 0x000000070ec00000| PB 0x000000070ec00000| Untracked 
|  96|0x000000070ee00000, 0x000000070ee00000, 0x000000070f000000|  0%| F|  |TAMS 0x000000070ee00000| PB 0x000000070ee00000| Untracked 
|  97|0x000000070f000000, 0x000000070f000000, 0x000000070f200000|  0%| F|  |TAMS 0x000000070f000000| PB 0x000000070f000000| Untracked 
|  98|0x000000070f200000, 0x000000070f200000, 0x000000070f400000|  0%| F|  |TAMS 0x000000070f200000| PB 0x000000070f200000| Untracked 
|  99|0x000000070f400000, 0x000000070f400000, 0x000000070f600000|  0%| F|  |TAMS 0x000000070f400000| PB 0x000000070f400000| Untracked 
| 100|0x000000070f600000, 0x000000070f600000, 0x000000070f800000|  0%| F|  |TAMS 0x000000070f600000| PB 0x000000070f600000| Untracked 
| 101|0x000000070f800000, 0x000000070f800000, 0x000000070fa00000|  0%| F|  |TAMS 0x000000070f800000| PB 0x000000070f800000| Untracked 
| 102|0x000000070fa00000, 0x000000070fa00000, 0x000000070fc00000|  0%| F|  |TAMS 0x000000070fa00000| PB 0x000000070fa00000| Untracked 
| 103|0x000000070fc00000, 0x000000070fc00000, 0x000000070fe00000|  0%| F|  |TAMS 0x000000070fc00000| PB 0x000000070fc00000| Untracked 
| 104|0x000000070fe00000, 0x000000070fe00000, 0x0000000710000000|  0%| F|  |TAMS 0x000000070fe00000| PB 0x000000070fe00000| Untracked 
| 105|0x0000000710000000, 0x0000000710000000, 0x0000000710200000|  0%| F|  |TAMS 0x0000000710000000| PB 0x0000000710000000| Untracked 
| 106|0x0000000710200000, 0x0000000710200000, 0x0000000710400000|  0%| F|  |TAMS 0x0000000710200000| PB 0x0000000710200000| Untracked 
| 107|0x0000000710400000, 0x0000000710547e38, 0x0000000710600000| 64%| E|  |TAMS 0x0000000710400000| PB 0x0000000710400000| Complete 
| 108|0x0000000710600000, 0x0000000710800000, 0x0000000710800000|100%| E|CS|TAMS 0x0000000710600000| PB 0x0000000710600000| Complete 
| 109|0x0000000710800000, 0x00000007108c8130, 0x0000000710a00000| 39%| S|CS|TAMS 0x0000000710800000| PB 0x0000000710800000| Complete 
| 110|0x0000000710a00000, 0x0000000710c00000, 0x0000000710c00000|100%| S|CS|TAMS 0x0000000710a00000| PB 0x0000000710a00000| Complete 
| 111|0x0000000710c00000, 0x0000000710e00000, 0x0000000710e00000|100%| E|CS|TAMS 0x0000000710c00000| PB 0x0000000710c00000| Complete 
| 112|0x0000000710e00000, 0x0000000711000000, 0x0000000711000000|100%| E|CS|TAMS 0x0000000710e00000| PB 0x0000000710e00000| Complete 
| 113|0x0000000711000000, 0x0000000711200000, 0x0000000711200000|100%| E|CS|TAMS 0x0000000711000000| PB 0x0000000711000000| Complete 
| 114|0x0000000711200000, 0x0000000711400000, 0x0000000711400000|100%| E|CS|TAMS 0x0000000711200000| PB 0x0000000711200000| Complete 
| 115|0x0000000711400000, 0x0000000711600000, 0x0000000711600000|100%| E|CS|TAMS 0x0000000711400000| PB 0x0000000711400000| Complete 
| 116|0x0000000711600000, 0x0000000711800000, 0x0000000711800000|100%| E|CS|TAMS 0x0000000711600000| PB 0x0000000711600000| Complete 
| 117|0x0000000711800000, 0x0000000711a00000, 0x0000000711a00000|100%| E|CS|TAMS 0x0000000711800000| PB 0x0000000711800000| Complete 
| 118|0x0000000711a00000, 0x0000000711c00000, 0x0000000711c00000|100%| E|CS|TAMS 0x0000000711a00000| PB 0x0000000711a00000| Complete 
| 119|0x0000000711c00000, 0x0000000711e00000, 0x0000000711e00000|100%| E|CS|TAMS 0x0000000711c00000| PB 0x0000000711c00000| Complete 
| 120|0x0000000711e00000, 0x0000000712000000, 0x0000000712000000|100%| E|CS|TAMS 0x0000000711e00000| PB 0x0000000711e00000| Complete 
| 121|0x0000000712000000, 0x0000000712200000, 0x0000000712200000|100%| E|CS|TAMS 0x0000000712000000| PB 0x0000000712000000| Complete 
| 122|0x0000000712200000, 0x0000000712400000, 0x0000000712400000|100%| E|CS|TAMS 0x0000000712200000| PB 0x0000000712200000| Complete 
| 123|0x0000000712400000, 0x0000000712600000, 0x0000000712600000|100%| E|CS|TAMS 0x0000000712400000| PB 0x0000000712400000| Complete 
| 124|0x0000000712600000, 0x0000000712800000, 0x0000000712800000|100%| E|  |TAMS 0x0000000712600000| PB 0x0000000712600000| Complete 
| 125|0x0000000712800000, 0x0000000712a00000, 0x0000000712a00000|100%| E|CS|TAMS 0x0000000712800000| PB 0x0000000712800000| Complete 
| 126|0x0000000712a00000, 0x0000000712c00000, 0x0000000712c00000|100%| E|CS|TAMS 0x0000000712a00000| PB 0x0000000712a00000| Complete 

Card table byte_map: [0x0000028e9d3e0000,0x0000028e9dbd0000] _byte_map_base: 0x0000028e99bc9000

Marking Bits: (CMBitMap*) 0x0000028e852c76c0
 Bits: [0x0000028e9dbd0000, 0x0000028ea1b18000)

Polling page: 0x0000028e83210000

Metaspace:

Usage:
  Non-class:     16.58 MB used.
      Class:      2.27 MB used.
       Both:     18.85 MB used.

Virtual space:
  Non-class space:       64.00 MB reserved,      16.75 MB ( 26%) committed,  1 nodes.
      Class space:        1.00 GB reserved,       2.44 MB ( <1%) committed,  1 nodes.
             Both:        1.06 GB reserved,      19.19 MB (  2%) committed. 

Chunk freelists:
   Non-Class:  14.41 MB
       Class:  13.41 MB
        Both:  27.81 MB

MaxMetaspaceSize: unlimited
CompressedClassSpaceSize: 1.00 GB
Initial GC threshold: 21.00 MB
Current GC threshold: 21.00 MB
CDS: on
 - commit_granule_bytes: 65536.
 - commit_granule_words: 8192.
 - virtual_space_node_default_size: 8388608.
 - enlarge_chunks_in_place: 1.
 - use_allocation_guard: 0.


Internal statistics:

num_allocs_failed_limit: 0.
num_arena_births: 298.
num_arena_deaths: 0.
num_vsnodes_births: 2.
num_vsnodes_deaths: 0.
num_space_committed: 307.
num_space_uncommitted: 0.
num_chunks_returned_to_freelist: 0.
num_chunks_taken_from_freelist: 959.
num_chunk_merges: 0.
num_chunk_splits: 635.
num_chunks_enlarged: 445.
num_inconsistent_stats: 0.

CodeHeap 'non-profiled nmethods': size=120000Kb used=1111Kb max_used=1111Kb free=118888Kb
 bounds [0x0000028e95170000, 0x0000028e953e0000, 0x0000028e9c6a0000]
CodeHeap 'profiled nmethods': size=120000Kb used=5381Kb max_used=5381Kb free=114618Kb
 bounds [0x0000028e8d6a0000, 0x0000028e8dbf0000, 0x0000028e94bd0000]
CodeHeap 'non-nmethods': size=5760Kb used=1436Kb max_used=1467Kb free=4323Kb
 bounds [0x0000028e94bd0000, 0x0000028e94e40000, 0x0000028e95170000]
 total_blobs=3250 nmethods=2729 adapters=425
 compilation: enabled
              stopped_count=0, restarted_count=0
 full_count=0

Compilation events (20 events):
Event: 0.913 Thread 0x0000028ea416cfd0 2692       3       java.util.stream.ReferencePipeline::collect (124 bytes)
Event: 0.913 Thread 0x0000028ea416cfd0 nmethod 2692 0x0000028e8dbc3190 code [0x0000028e8dbc3440, 0x0000028e8dbc4128]
Event: 0.913 Thread 0x0000028ea416cfd0 2684       1       org.springframework.core.annotation.AnnotationTypeMapping::getAnnotation (5 bytes)
Event: 0.913 Thread 0x0000028ea416cfd0 nmethod 2684 0x0000028e95285590 code [0x0000028e95285720, 0x0000028e952857f0]
Event: 0.917 Thread 0x0000028ea416cfd0 2693       3       org.springframework.core.type.classreading.SimpleMethodMetadataReadingVisitor::visitAnnotation (28 bytes)
Event: 0.917 Thread 0x0000028ea416cfd0 nmethod 2693 0x0000028e8dbc4590 code [0x0000028e8dbc47e0, 0x0000028e8dbc5000]
Event: 0.917 Thread 0x0000028ea416cfd0 2694   !   3       jdk.internal.loader.URLClassPath::check (123 bytes)
Event: 0.917 Thread 0x0000028ea416cfd0 nmethod 2694 0x0000028e8dbc5310 code [0x0000028e8dbc54c0, 0x0000028e8dbc5698]
Event: 0.918 Thread 0x0000028ea416cfd0 2695       3       org.springframework.core.type.classreading.SimpleAnnotationMetadata::getInterfaceNames (8 bytes)
Event: 0.918 Thread 0x0000028ea416cfd0 nmethod 2695 0x0000028e8dbc5790 code [0x0000028e8dbc5980, 0x0000028e8dbc5f08]
Event: 0.918 Thread 0x0000028ea416cfd0 2696       3       org.springframework.util.MultiValueMapAdapter::add (28 bytes)
Event: 0.918 Thread 0x0000028ea416cfd0 nmethod 2696 0x0000028e8dbc6090 code [0x0000028e8dbc6280, 0x0000028e8dbc67c0]
Event: 0.918 Thread 0x0000028ea416cfd0 2697       3       org.springframework.beans.factory.support.AbstractBeanFactory::getBean (9 bytes)
Event: 0.919 Thread 0x0000028ea416cfd0 nmethod 2697 0x0000028e8dbc6990 code [0x0000028e8dbc6b40, 0x0000028e8dbc6d10]
Event: 0.919 Thread 0x0000028ea416cfd0 2699   !   3       org.springframework.context.annotation.ConfigurationClassParser$SourceClass::getAnnotations (173 bytes)
Event: 0.919 Thread 0x0000028ea416cfd0 nmethod 2699 0x0000028e8dbc6e10 code [0x0000028e8dbc71a0, 0x0000028e8dbc8858]
Event: 0.919 Thread 0x0000028ea416cfd0 2700       3       org.springframework.context.annotation.ConfigurationClassParser$SourceClass::getAnnotationAttributes (100 bytes)
Event: 0.920 Thread 0x0000028ea416cfd0 nmethod 2700 0x0000028e8dbc9010 code [0x0000028e8dbc9280, 0x0000028e8dbc9c68]
Event: 0.920 Thread 0x0000028ea416cfd0 2698       3       org.springframework.boot.autoconfigure.condition.ConditionEvaluationReport::locateParent (40 bytes)
Event: 0.920 Thread 0x0000028ea416cfd0 nmethod 2698 0x0000028e8dbca010 code [0x0000028e8dbca1e0, 0x0000028e8dbca690]

GC Heap History (4 events):
Event: 0.348 GC heap before
{Heap before GC invocations=0 (full 0):
 garbage-first heap   total 260096K, used 20480K [0x0000000702e00000, 0x0000000800000000)
  region size 2048K, 11 young (22528K), 0 survivors (0K)
 Metaspace       used 5081K, committed 5376K, reserved 1114112K
  class space    used 570K, committed 704K, reserved 1048576K
}
Event: 0.351 GC heap after
{Heap after GC invocations=1 (full 0):
 garbage-first heap   total 260096K, used 6437K [0x0000000702e00000, 0x0000000800000000)
  region size 2048K, 2 young (4096K), 2 survivors (4096K)
 Metaspace       used 5081K, committed 5376K, reserved 1114112K
  class space    used 570K, committed 704K, reserved 1048576K
}
Event: 0.631 GC heap before
{Heap before GC invocations=1 (full 0):
 garbage-first heap   total 260096K, used 33061K [0x0000000702e00000, 0x0000000800000000)
  region size 2048K, 16 young (32768K), 2 survivors (4096K)
 Metaspace       used 12855K, committed 13184K, reserved 1114112K
  class space    used 1510K, committed 1664K, reserved 1048576K
}
Event: 0.634 GC heap after
{Heap after GC invocations=2 (full 0):
 garbage-first heap   total 260096K, used 9049K [0x0000000702e00000, 0x0000000800000000)
  region size 2048K, 2 young (4096K), 2 survivors (4096K)
 Metaspace       used 12855K, committed 13184K, reserved 1114112K
  class space    used 1510K, committed 1664K, reserved 1048576K
}

Dll operation events (13 events):
Event: 0.005 Loaded shared library C:\Users\bunny\.jdks\openjdk-21.0.1\bin\java.dll
Event: 0.029 Loaded shared library C:\Users\bunny\.jdks\openjdk-21.0.1\bin\jsvml.dll
Event: 0.069 Loaded shared library C:\Users\bunny\.jdks\openjdk-21.0.1\bin\zip.dll
Event: 0.071 Loaded shared library C:\Users\bunny\.jdks\openjdk-21.0.1\bin\instrument.dll
Event: 0.075 Loaded shared library C:\Users\bunny\.jdks\openjdk-21.0.1\bin\net.dll
Event: 0.076 Loaded shared library C:\Users\bunny\.jdks\openjdk-21.0.1\bin\nio.dll
Event: 0.077 Loaded shared library C:\Users\bunny\.jdks\openjdk-21.0.1\bin\zip.dll
Event: 0.119 Loaded shared library C:\Program Files\JetBrains\IntelliJ IDEA Community Edition 2023.2.4\bin\breakgen64.dll
Event: 0.125 Loaded shared library C:\Users\bunny\.jdks\openjdk-21.0.1\bin\extnet.dll
Event: 0.142 Loaded shared library C:\Users\bunny\.jdks\openjdk-21.0.1\bin\jimage.dll
Event: 0.311 Loaded shared library C:\Users\bunny\.jdks\openjdk-21.0.1\bin\management.dll
Event: 0.313 Loaded shared library C:\Users\bunny\.jdks\openjdk-21.0.1\bin\management_ext.dll
Event: 0.746 Loaded shared library C:\Users\bunny\.jdks\openjdk-21.0.1\bin\sunmscapi.dll

Deoptimization events (20 events):
Event: 0.763 Thread 0x0000028eea793d30 DEOPT PACKING pc=0x0000028e8d7dd736 sp=0x000000f3ff2fe0d0
Event: 0.763 Thread 0x0000028eea793d30 DEOPT UNPACKING pc=0x0000028e94c24e42 sp=0x000000f3ff2fd5b8 mode 0
Event: 0.763 Thread 0x0000028eea793d30 DEOPT PACKING pc=0x0000028e8d7dd736 sp=0x000000f3ff2fe0d0
Event: 0.763 Thread 0x0000028eea793d30 DEOPT UNPACKING pc=0x0000028e94c24e42 sp=0x000000f3ff2fd5b8 mode 0
Event: 0.763 Thread 0x0000028eea793d30 DEOPT PACKING pc=0x0000028e8d7dd736 sp=0x000000f3ff2fe0d0
Event: 0.763 Thread 0x0000028eea793d30 DEOPT UNPACKING pc=0x0000028e94c24e42 sp=0x000000f3ff2fd5b8 mode 0
Event: 0.763 Thread 0x0000028eea793d30 DEOPT PACKING pc=0x0000028e8d7dd736 sp=0x000000f3ff2fe0d0
Event: 0.763 Thread 0x0000028eea793d30 DEOPT UNPACKING pc=0x0000028e94c24e42 sp=0x000000f3ff2fd5b8 mode 0
Event: 0.763 Thread 0x0000028eea793d30 DEOPT PACKING pc=0x0000028e8d7dd736 sp=0x000000f3ff2fe0d0
Event: 0.763 Thread 0x0000028eea793d30 DEOPT UNPACKING pc=0x0000028e94c24e42 sp=0x000000f3ff2fd5b8 mode 0
Event: 0.809 Thread 0x0000028eea793d30 DEOPT PACKING pc=0x0000028e8daa6ca9 sp=0x000000f3ff2fe5f0
Event: 0.809 Thread 0x0000028eea793d30 DEOPT UNPACKING pc=0x0000028e94c24e42 sp=0x000000f3ff2fdaa8 mode 0
Event: 0.835 Thread 0x0000028eea793d30 Uncommon trap: trap_request=0xffffff45 fr.pc=0x0000028e951ed264 relative=0x0000000000000a24
Event: 0.835 Thread 0x0000028eea793d30 Uncommon trap: reason=unstable_if action=reinterpret pc=0x0000028e951ed264 method=jdk.internal.org.objectweb.asm.SymbolTable.put(Ljdk/internal/org/objectweb/asm/SymbolTable$Entry;)Ljdk/internal/org/objectweb/asm/SymbolTable$Entry; @ 13 c2
Event: 0.836 Thread 0x0000028eea793d30 DEOPT PACKING pc=0x0000028e951ed264 sp=0x000000f3ff2fca30
Event: 0.836 Thread 0x0000028eea793d30 DEOPT UNPACKING pc=0x0000028e94c246a2 sp=0x000000f3ff2fc968 mode 2
Event: 0.908 Thread 0x0000028eea793d30 Uncommon trap: trap_request=0xffffff45 fr.pc=0x0000028e9527c150 relative=0x00000000000009d0
Event: 0.908 Thread 0x0000028eea793d30 Uncommon trap: reason=unstable_if action=reinterpret pc=0x0000028e9527c150 method=org.springframework.asm.ClassReader.readUTF8(I[C)Ljava/lang/String; @ 11 c2
Event: 0.908 Thread 0x0000028eea793d30 DEOPT PACKING pc=0x0000028e9527c150 sp=0x000000f3ff2fdf20
Event: 0.908 Thread 0x0000028eea793d30 DEOPT UNPACKING pc=0x0000028e94c246a2 sp=0x000000f3ff2fdf08 mode 2

Classes loaded (20 events):
Event: 0.758 Loading class javax/security/auth/callback/CallbackHandler
Event: 0.758 Loading class javax/security/auth/callback/CallbackHandler done
Event: 0.759 Loading class com/sun/security/sasl/Provider
Event: 0.759 Loading class com/sun/security/sasl/Provider done
Event: 0.760 Loading class com/sun/security/sasl/Provider$1
Event: 0.760 Loading class com/sun/security/sasl/Provider$1 done
Event: 0.760 Loading class com/sun/security/sasl/Provider$ProviderService
Event: 0.760 Loading class com/sun/security/sasl/Provider$ProviderService done
Event: 0.760 Loading class sun/security/provider/certpath/ldap/JdkLDAP
Event: 0.760 Loading class sun/security/provider/certpath/ldap/JdkLDAP done
Event: 0.760 Loading class sun/security/provider/certpath/ldap/JdkLDAP$ProviderService
Event: 0.760 Loading class sun/security/provider/certpath/ldap/JdkLDAP$ProviderService done
Event: 0.790 Loading class javax/naming/ldap/LdapContext
Event: 0.790 Loading class javax/naming/directory/DirContext
Event: 0.790 Loading class javax/naming/directory/DirContext done
Event: 0.790 Loading class javax/naming/ldap/LdapContext done
Event: 0.894 Loading class java/beans/PropertyVetoException
Event: 0.894 Loading class java/beans/PropertyVetoException done
Event: 0.902 Loading class java/nio/charset/CharacterCodingException
Event: 0.902 Loading class java/nio/charset/CharacterCodingException done

Classes unloaded (0 events):
No events

Classes redefined (0 events):
No events

Internal exceptions (20 events):
Event: 0.518 Thread 0x0000028eea793d30 Exception <a 'java/lang/NoSuchMethodError'{0x0000000711e010c0}: 'java.lang.Object java.lang.invoke.DirectMethodHandle$Holder.invokeStatic(java.lang.Object, long, java.lang.Object)'> (0x0000000711e010c0) 
thrown [s\open\src\hotspot\share\interpreter\linkResolver.cpp, line 773]
Event: 0.518 Thread 0x0000028eea793d30 Exception <a 'java/lang/NoSuchMethodError'{0x0000000711e04718}: 'java.lang.Object java.lang.invoke.DirectMethodHandle$Holder.invokeStaticInit(java.lang.Object, long, java.lang.Object)'> (0x0000000711e04718) 
thrown [s\open\src\hotspot\share\interpreter\linkResolver.cpp, line 773]
Event: 0.518 Thread 0x0000028eea793d30 Exception <a 'java/lang/NoSuchMethodError'{0x0000000711e09e80}: 'java.lang.Object java.lang.invoke.DirectMethodHandle$Holder.newInvokeSpecial(java.lang.Object, long)'> (0x0000000711e09e80) 
thrown [s\open\src\hotspot\share\interpreter\linkResolver.cpp, line 773]
Event: 0.524 Thread 0x0000028eea793d30 Exception <a 'java/lang/NoSuchMethodError'{0x0000000711e534e8}: 'void java.lang.invoke.DirectMethodHandle$Holder.invokeSpecial(java.lang.Object, java.lang.Object, java.lang.Object, java.lang.Object, java.lang.Object)'> (0x0000000711e534e8) 
thrown [s\open\src\hotspot\share\interpreter\linkResolver.cpp, line 773]
Event: 0.525 Thread 0x0000028eea793d30 Exception <a 'java/lang/NoSuchMethodError'{0x0000000711e5ad50}: 'void java.lang.invoke.DirectMethodHandle$Holder.invokeVirtual(java.lang.Object, java.lang.Object, java.lang.Object, java.lang.Object)'> (0x0000000711e5ad50) 
thrown [s\open\src\hotspot\share\interpreter\linkResolver.cpp, line 773]
Event: 0.547 Thread 0x0000028eea793d30 Exception <a 'java/lang/IncompatibleClassChangeError'{0x0000000711fd7050}: Found class java.lang.Object, but interface was expected> (0x0000000711fd7050) 
thrown [s\open\src\hotspot\share\interpreter\linkResolver.cpp, line 840]
Event: 0.547 Thread 0x0000028eea9b34f0 Exception <a 'java/lang/NoClassDefFoundError'{0x0000000711fc20e0}: jakarta/validation/Validation> (0x0000000711fc20e0) 
thrown [s\open\src\hotspot\share\classfile\systemDictionary.cpp, line 301]
Event: 0.550 Thread 0x0000028eea793d30 Exception <a 'java/lang/NoSuchMethodError'{0x0000000711febfc8}: 'java.lang.Object java.lang.invoke.DirectMethodHandle$Holder.invokeStaticInit(java.lang.Object, int)'> (0x0000000711febfc8) 
thrown [s\open\src\hotspot\share\interpreter\linkResolver.cpp, line 773]
Event: 0.551 Thread 0x0000028eea793d30 Exception <a 'java/lang/NoSuchMethodError'{0x0000000711ff6108}: 'java.lang.Object java.lang.invoke.DirectMethodHandle$Holder.invokeStatic(java.lang.Object, int, java.lang.Object)'> (0x0000000711ff6108) 
thrown [s\open\src\hotspot\share\interpreter\linkResolver.cpp, line 773]
Event: 0.551 Thread 0x0000028eea793d30 Exception <a 'java/lang/NoSuchMethodError'{0x0000000711c4da28}: 'java.lang.Object java.lang.invoke.DirectMethodHandle$Holder.invokeStaticInit(java.lang.Object, int, java.lang.Object)'> (0x0000000711c4da28) 
thrown [s\open\src\hotspot\share\interpreter\linkResolver.cpp, line 773]
Event: 0.686 Thread 0x0000028eea793d30 Exception <a 'java/lang/NoSuchMethodError'{0x00000007123e3fe0}: 'java.lang.Object java.lang.invoke.DirectMethodHandle$Holder.invokeVirtual(java.lang.Object, java.lang.Object, java.lang.Object)'> (0x00000007123e3fe0) 
thrown [s\open\src\hotspot\share\interpreter\linkResolver.cpp, line 773]
Event: 0.689 Thread 0x0000028eea793d30 Exception <a 'java/lang/NoSuchMethodError'{0x00000007123fc598}: 'int java.lang.invoke.DirectMethodHandle$Holder.invokeSpecial(java.lang.Object, java.lang.Object, java.lang.Object, java.lang.Object, java.lang.Object)'> (0x00000007123fc598) 
thrown [s\open\src\hotspot\share\interpreter\linkResolver.cpp, line 773]
Event: 0.689 Thread 0x0000028eea9b34f0 Exception <a 'java/lang/NoSuchMethodError'{0x00000007120238d8}: 'long java.lang.invoke.DirectMethodHandle$Holder.invokeSpecial(java.lang.Object, java.lang.Object)'> (0x00000007120238d8) 
thrown [s\open\src\hotspot\share\interpreter\linkResolver.cpp, line 773]
Event: 0.690 Thread 0x0000028eea9b34f0 Exception <a 'java/lang/NoSuchMethodError'{0x000000071207f470}: 'long java.lang.invoke.DirectMethodHandle$Holder.invokeStatic(java.lang.Object, java.lang.Object)'> (0x000000071207f470) 
thrown [s\open\src\hotspot\share\interpreter\linkResolver.cpp, line 773]
Event: 0.690 Thread 0x0000028eea793d30 Exception <a 'java/lang/NoSuchMethodError'{0x00000007120305a0}: 'void java.lang.invoke.DirectMethodHandle$Holder.invokeVirtual(java.lang.Object, java.lang.Object)'> (0x00000007120305a0) 
thrown [s\open\src\hotspot\share\interpreter\linkResolver.cpp, line 773]
Event: 0.690 Thread 0x0000028eea9b34f0 Exception <a 'java/lang/NoSuchMethodError'{0x00000007120827d8}: 'long java.lang.invoke.DirectMethodHandle$Holder.invokeStaticInit(java.lang.Object, java.lang.Object)'> (0x00000007120827d8) 
thrown [s\open\src\hotspot\share\interpreter\linkResolver.cpp, line 773]
Event: 0.691 Thread 0x0000028eea9b34f0 Exception <a 'java/lang/NoSuchMethodError'{0x000000071208e920}: 'long java.lang.invoke.DirectMethodHandle$Holder.invokeInterface(java.lang.Object, java.lang.Object)'> (0x000000071208e920) 
thrown [s\open\src\hotspot\share\interpreter\linkResolver.cpp, line 773]
Event: 0.691 Thread 0x0000028eea9b34f0 Exception <a 'java/lang/IncompatibleClassChangeError'{0x0000000712091bd0}: Found class java.lang.Object, but interface was expected> (0x0000000712091bd0) 
thrown [s\open\src\hotspot\share\interpreter\linkResolver.cpp, line 840]
Event: 0.698 Thread 0x0000028eea9b34f0 Exception <a 'java/lang/NoSuchMethodError'{0x0000000712106e40}: 'java.lang.Object java.lang.invoke.DirectMethodHandle$Holder.invokeVirtual(java.lang.Object, java.lang.Object, java.lang.Object, java.lang.Object)'> (0x0000000712106e40) 
thrown [s\open\src\hotspot\share\interpreter\linkResolver.cpp, line 773]
Event: 0.808 Thread 0x0000028eea793d30 Exception <a 'java/lang/IncompatibleClassChangeError'{0x000000071159a510}: Found class java.lang.Object, but interface was expected> (0x000000071159a510) 
thrown [s\open\src\hotspot\share\interpreter\linkResolver.cpp, line 840]

ZGC Phase Switch (0 events):
No events

VM Operations (20 events):
Event: 0.541 Executing VM operation: HandshakeAllThreads (Deoptimize)
Event: 0.541 Executing VM operation: HandshakeAllThreads (Deoptimize) done
Event: 0.541 Executing VM operation: HandshakeAllThreads (Deoptimize)
Event: 0.541 Executing VM operation: HandshakeAllThreads (Deoptimize) done
Event: 0.559 Executing VM operation: ICBufferFull
Event: 0.560 Executing VM operation: ICBufferFull done
Event: 0.613 Executing VM operation: HandshakeAllThreads (Deoptimize)
Event: 0.613 Executing VM operation: HandshakeAllThreads (Deoptimize) done
Event: 0.631 Executing VM operation: G1CollectForAllocation (G1 Evacuation Pause)
Event: 0.634 Executing VM operation: G1CollectForAllocation (G1 Evacuation Pause) done
Event: 0.652 Executing VM operation: HandshakeAllThreads (Deoptimize)
Event: 0.652 Executing VM operation: HandshakeAllThreads (Deoptimize) done
Event: 0.678 Executing VM operation: HandshakeAllThreads (Deoptimize)
Event: 0.678 Executing VM operation: HandshakeAllThreads (Deoptimize) done
Event: 0.721 Executing VM operation: HandshakeAllThreads (Deoptimize)
Event: 0.721 Executing VM operation: HandshakeAllThreads (Deoptimize) done
Event: 0.750 Executing VM operation: HandshakeAllThreads (Deoptimize)
Event: 0.750 Executing VM operation: HandshakeAllThreads (Deoptimize) done
Event: 0.773 Executing VM operation: ICBufferFull
Event: 0.774 Executing VM operation: ICBufferFull done

Events (20 events):
Event: 0.017 Thread 0x0000028e82f883b0 Thread added: 0x0000028e82f883b0
Event: 0.028 Thread 0x0000028ea4151420 Thread added: 0x0000028ea4151420
Event: 0.028 Thread 0x0000028ea4152e90 Thread added: 0x0000028ea4152e90
Event: 0.028 Thread 0x0000028ea4154c40 Thread added: 0x0000028ea4154c40
Event: 0.028 Thread 0x0000028ea4156910 Thread added: 0x0000028ea4156910
Event: 0.028 Thread 0x0000028ea41576d0 Thread added: 0x0000028ea41576d0
Event: 0.028 Thread 0x0000028ea4158130 Thread added: 0x0000028ea4158130
Event: 0.028 Thread 0x0000028ea4168eb0 Thread added: 0x0000028ea4168eb0
Event: 0.028 Thread 0x0000028ea416cfd0 Thread added: 0x0000028ea416cfd0
Event: 0.058 Thread 0x0000028ea49d5610 Thread added: 0x0000028ea49d5610
Event: 0.087 Thread 0x0000028ea416d6a0 Thread added: 0x0000028ea416d6a0
Event: 0.087 Thread 0x0000028ea416c230 Thread added: 0x0000028ea416c230
Event: 0.120 Thread 0x0000028ea4c45000 Thread added: 0x0000028ea4c45000
Event: 0.120 Thread 0x0000028ea4c45670 Thread added: 0x0000028ea4c45670
Event: 0.338 Thread 0x0000028eea800640 Thread added: 0x0000028eea800640
Event: 0.340 Thread 0x0000028eea793d30 Thread added: 0x0000028eea793d30
Event: 0.545 Thread 0x0000028eea9b34f0 Thread added: 0x0000028eea9b34f0
Event: 0.761 Thread 0x0000028eea9b34f0 Thread exited: 0x0000028eea9b34f0
Event: 0.776 Thread 0x0000028eeb0234f0 Thread added: 0x0000028eeb0234f0
Event: 0.802 Thread 0x0000028eeb0234f0 Thread exited: 0x0000028eeb0234f0


Dynamic libraries:
0x00007ff6aca30000 - 0x00007ff6aca3e000 	C:\Users\bunny\.jdks\openjdk-21.0.1\bin\java.exe
0x00007ffbbf0f0000 - 0x00007ffbbf307000 	C:\WINDOWS\SYSTEM32\ntdll.dll
0x00007ffbbe5e0000 - 0x00007ffbbe6a4000 	C:\WINDOWS\System32\KERNEL32.DLL
0x00007ffbbc740000 - 0x00007ffbbcae6000 	C:\WINDOWS\System32\KERNELBASE.dll
0x00007ffbbc5b0000 - 0x00007ffbbc6c1000 	C:\WINDOWS\System32\ucrtbase.dll
0x00007ffb94e40000 - 0x00007ffb94e58000 	C:\Users\bunny\.jdks\openjdk-21.0.1\bin\jli.dll
0x00007ffb952c0000 - 0x00007ffb952db000 	C:\Users\bunny\.jdks\openjdk-21.0.1\bin\VCRUNTIME140.dll
0x00007ffbbeab0000 - 0x00007ffbbec5e000 	C:\WINDOWS\System32\USER32.dll
0x00007ffbbc460000 - 0x00007ffbbc486000 	C:\WINDOWS\System32\win32u.dll
0x00007ffbae830000 - 0x00007ffbaeac3000 	C:\WINDOWS\WinSxS\amd64_microsoft.windows.common-controls_6595b64144ccf1df_6.0.22621.2506_none_270c5ae97388e100\COMCTL32.dll
0x00007ffbbdb50000 - 0x00007ffbbdb79000 	C:\WINDOWS\System32\GDI32.dll
0x00007ffbbdb80000 - 0x00007ffbbdc27000 	C:\WINDOWS\System32\msvcrt.dll
0x00007ffbbcaf0000 - 0x00007ffbbcc08000 	C:\WINDOWS\System32\gdi32full.dll
0x00007ffbbc510000 - 0x00007ffbbc5aa000 	C:\WINDOWS\System32\msvcp_win.dll
0x00007ffbbd1d0000 - 0x00007ffbbd201000 	C:\WINDOWS\System32\IMM32.DLL
0x00007ffbac880000 - 0x00007ffbac88c000 	C:\Users\bunny\.jdks\openjdk-21.0.1\bin\vcruntime140_1.dll
0x00007ffb5e820000 - 0x00007ffb5e8ae000 	C:\Users\bunny\.jdks\openjdk-21.0.1\bin\msvcp140.dll
0x00007ffb357c0000 - 0x00007ffb364d5000 	C:\Users\bunny\.jdks\openjdk-21.0.1\bin\server\jvm.dll
0x00007ffbbe890000 - 0x00007ffbbe941000 	C:\WINDOWS\System32\ADVAPI32.dll
0x00007ffbbf000000 - 0x00007ffbbf0a5000 	C:\WINDOWS\System32\sechost.dll
0x00007ffbbe970000 - 0x00007ffbbea87000 	C:\WINDOWS\System32\RPCRT4.dll
0x00007ffbbd210000 - 0x00007ffbbd281000 	C:\WINDOWS\System32\WS2_32.dll
0x00007ffbbb2b0000 - 0x00007ffbbb2fd000 	C:\WINDOWS\SYSTEM32\POWRPROF.dll
0x00007ffbb1150000 - 0x00007ffbb1184000 	C:\WINDOWS\SYSTEM32\WINMM.dll
0x00007ffbb5aa0000 - 0x00007ffbb5aaa000 	C:\WINDOWS\SYSTEM32\VERSION.dll
0x00007ffbbb290000 - 0x00007ffbbb2a3000 	C:\WINDOWS\SYSTEM32\UMPDC.dll
0x00007ffbbb550000 - 0x00007ffbbb568000 	C:\WINDOWS\SYSTEM32\kernel.appcore.dll
0x00007ffba2c60000 - 0x00007ffba2c6a000 	C:\Users\bunny\.jdks\openjdk-21.0.1\bin\jimage.dll
0x00007ffba9790000 - 0x00007ffba99c3000 	C:\WINDOWS\SYSTEM32\DBGHELP.DLL
0x00007ffbbce40000 - 0x00007ffbbd1c9000 	C:\WINDOWS\System32\combase.dll
0x00007ffbbec60000 - 0x00007ffbbed37000 	C:\WINDOWS\System32\OLEAUT32.dll
0x00007ffb8cb40000 - 0x00007ffb8cb72000 	C:\WINDOWS\SYSTEM32\dbgcore.DLL
0x00007ffbbc490000 - 0x00007ffbbc50a000 	C:\WINDOWS\System32\bcryptPrimitives.dll
0x00007ffbb9700000 - 0x00007ffbb970f000 	C:\Users\bunny\.jdks\openjdk-21.0.1\bin\instrument.dll
0x00007ffb94040000 - 0x00007ffb9405f000 	C:\Users\bunny\.jdks\openjdk-21.0.1\bin\java.dll
0x00007ffbbdd30000 - 0x00007ffbbe58a000 	C:\WINDOWS\System32\SHELL32.dll
0x00007ffbba390000 - 0x00007ffbbac86000 	C:\WINDOWS\SYSTEM32\windows.storage.dll
0x00007ffbba250000 - 0x00007ffbba38e000 	C:\WINDOWS\SYSTEM32\wintypes.dll
0x00007ffbbd2a0000 - 0x00007ffbbd393000 	C:\WINDOWS\System32\SHCORE.dll
0x00007ffbbda40000 - 0x00007ffbbda9e000 	C:\WINDOWS\System32\shlwapi.dll
0x00007ffbbc390000 - 0x00007ffbbc3b6000 	C:\WINDOWS\SYSTEM32\profapi.dll
0x00007ffb5b080000 - 0x00007ffb5b157000 	C:\Users\bunny\.jdks\openjdk-21.0.1\bin\jsvml.dll
0x00007ffb8e130000 - 0x00007ffb8e148000 	C:\Users\bunny\.jdks\openjdk-21.0.1\bin\zip.dll
0x00007ffba0ba0000 - 0x00007ffba0bb0000 	C:\Users\bunny\.jdks\openjdk-21.0.1\bin\net.dll
0x00007ffbb5e50000 - 0x00007ffbb5f87000 	C:\WINDOWS\SYSTEM32\WINHTTP.dll
0x00007ffbbb9d0000 - 0x00007ffbbba39000 	C:\WINDOWS\system32\mswsock.dll
0x00007ffb94020000 - 0x00007ffb94036000 	C:\Users\bunny\.jdks\openjdk-21.0.1\bin\nio.dll
0x00007ffbb7a30000 - 0x00007ffbb7a4a000 	C:\Program Files\JetBrains\IntelliJ IDEA Community Edition 2023.2.4\bin\breakgen64.dll
0x00007ffba0980000 - 0x00007ffba0987000 	C:\Users\bunny\.jdks\openjdk-21.0.1\bin\extnet.dll
0x00007ffbb96f0000 - 0x00007ffbb96fa000 	C:\Users\bunny\.jdks\openjdk-21.0.1\bin\management.dll
0x00007ffbb9520000 - 0x00007ffbb952b000 	C:\Users\bunny\.jdks\openjdk-21.0.1\bin\management_ext.dll
0x00007ffbbeff0000 - 0x00007ffbbeff8000 	C:\WINDOWS\System32\PSAPI.DLL
0x00007ffbb7840000 - 0x00007ffbb784e000 	C:\Users\bunny\.jdks\openjdk-21.0.1\bin\sunmscapi.dll
0x00007ffbbcc10000 - 0x00007ffbbcd76000 	C:\WINDOWS\System32\CRYPT32.dll
0x00007ffbbbdc0000 - 0x00007ffbbbded000 	C:\WINDOWS\SYSTEM32\ncrypt.dll
0x00007ffbbbd80000 - 0x00007ffbbbdb7000 	C:\WINDOWS\SYSTEM32\NTASN1.dll

dbghelp: loaded successfully - version: 4.0.5 - missing functions: none
symbol engine: initialized successfully - sym options: 0x614 - pdb path: .;C:\Users\bunny\.jdks\openjdk-21.0.1\bin;C:\WINDOWS\SYSTEM32;C:\WINDOWS\WinSxS\amd64_microsoft.windows.common-controls_6595b64144ccf1df_6.0.22621.2506_none_270c5ae97388e100;C:\Users\bunny\.jdks\openjdk-21.0.1\bin\server;C:\Program Files\JetBrains\IntelliJ IDEA Community Edition 2023.2.4\bin

VM Arguments:
jvm_args: -javaagent:C:\Program Files\JetBrains\IntelliJ IDEA Community Edition 2023.2.4\lib\idea_rt.jar=61918:C:\Program Files\JetBrains\IntelliJ IDEA Community Edition 2023.2.4\bin -Dfile.encoding=UTF-8 -Dsun.stdout.encoding=UTF-8 -Dsun.stderr.encoding=UTF-8 
java_command: com.jb.TokenProjectApplication
java_class_path (initial): C:\Users\bunny\Desktop\TokenProject\target\classes;C:\Users\bunny\.m2\repository\org\mapstruct\mapstruct\1.5.5.Final\mapstruct-1.5.5.Final.jar;C:\Users\bunny\.m2\repository\org\springframework\boot\spring-boot-starter-data-jpa\3.2.0\spring-boot-starter-data-jpa-3.2.0.jar;C:\Users\bunny\.m2\repository\org\springframework\boot\spring-boot-starter-aop\3.2.0\spring-boot-starter-aop-3.2.0.jar;C:\Users\bunny\.m2\repository\org\springframework\spring-aop\6.1.1\spring-aop-6.1.1.jar;C:\Users\bunny\.m2\repository\org\aspectj\aspectjweaver\1.9.20.1\aspectjweaver-1.9.20.1.jar;C:\Users\bunny\.m2\repository\org\springframework\boot\spring-boot-starter-jdbc\3.2.0\spring-boot-starter-jdbc-3.2.0.jar;C:\Users\bunny\.m2\repository\com\zaxxer\HikariCP\5.0.1\HikariCP-5.0.1.jar;C:\Users\bunny\.m2\repository\org\springframework\spring-jdbc\6.1.1\spring-jdbc-6.1.1.jar;C:\Users\bunny\.m2\repository\org\hibernate\orm\hibernate-core\6.3.1.Final\hibernate-core-6.3.1.Final.jar;C:\Users\bunny\.m2\repository\jakarta\persistence\jakarta.persistence-api\3.1.0\jakarta.persistence-api-3.1.0.jar;C:\Users\bunny\.m2\repository\jakarta\transaction\jakarta.transaction-api\2.0.1\jakarta.transaction-api-2.0.1.jar;C:\Users\bunny\.m2\repository\org\jboss\logging\jboss-logging\3.5.3.Final\jboss-logging-3.5.3.Final.jar;C:\Users\bunny\.m2\repository\org\hibernate\common\hibernate-commons-annotations\6.0.6.Final\hibernate-commons-annotations-6.0.6.Final.jar;C:\Users\bunny\.m2\repository\io\smallrye\jandex\3.1.2\jandex-3.1.2.jar;C:\Users\bunny\.m2\repository\com\fasterxml\classmate\1.6.0\classmate-1.6.0.jar;C:\Users\bunny\.m2\repository\net\bytebuddy\byte-buddy\1.14.10\byte-buddy-1.14.10.jar;C:\Users\bunny\.m2\repository\org\glassfish\jaxb\jaxb-runtime\4.0.4\jaxb-runtime-4.0.4.jar;C:\Users\bunny\.m2\repository\org\glassfish\jaxb\jaxb-core\4.0.4\jaxb-core-4.0.4.jar;C:\Users\bunny\.m2\repository\org\eclipse\angus\angus-activation\2.0.1\angus-activation-2.0.1.jar;C:\Users\bunny\.m2\repository\org\glassfish\jaxb\txw2\4.0.4\txw2-4.0.4.jar;C:\Users\bunny\.m2\repository\com\sun\istack\istack-commons-runtime\4.1.2\istack-commons-runtime-4.1.2.jar;C:\Users\bunny\.m2\repository\jakarta\inject\jakarta.inject-api\2.0.1\jakarta.inject-api-2.0.1.jar;C:\Users\bunny\.m2\repository\org\antlr\antlr4-runtime\4.10.1\antlr4-runtime-4.10.1.jar;C:\Users\bunny\.m2\repository\org\springframework\data\spring-data-jpa\3.2.0\spring-data-jpa-3.2.0.jar;C:\Users\bunny\.m2\repository\org\springframework\data\spring-data-commons\3.2.0\spring-data-commons-3.2.0.jar;C:\Users\bunny\.m2\repository\org\springframework\spring-orm\6.1.1\spring-orm-6.1.1.jar;C:\Users\bunny\.m2\repository\org\springframework\spring-context\6.1.1\spring-context-6.1.1.jar;C:\Users\bunny\.m2\repository\org\springframework\spring-tx\6.1.1\spring-tx-6.1.1.jar;C:\Users\bunny\.m2\repository\org\springframework\spring-beans\6.1.1\spring-beans-6.1.1.jar;C:\Users\bunny\.m2\repository\jakarta\annotation\jakarta.annotation-api\2.1.1\jakarta.annotation-api-2.1.1.jar;C:\Users\bunny\.m2\repository\org\slf4j\slf4j-api\2.0.9\slf4j-api-2.0.9.jar;C:\Users\bunny\.m2\repository\org\springframework\spring-aspects\6.1.1\spring-aspects-6.1.1.jar;C:\Users\bunny\.m2\repository\org\springframework\boot\spring-boot-starter-web\3.2.0\spring-boot-starter-web-3.2.0.jar;C:\Users\bunny\.m2\repository\org\springframework\boot\spring-boot-starter\3.2.0\spring-boot-starter-3.2.0.jar;C:\Users\bunny\.m2\repository\org\springframework\boot\spring-boot-starter-logging\3.2.0\spring-boot-starter-logging-3.2.0.jar;C:\Users\bunny\.m2\repository\ch\qos\logback\logback-classic\1.4.11\logback-classic-1.4.11.jar;C:\Users\bunny\.m2\repository\ch\qos\logback\logback-core\1.4.11\logback-core-1.4.11.jar;C:\Users\bunny\.m2\repository\org\apache\logging\log4j\log4j-to-slf4j\2.21.1\log4j-to-slf4j-2.21.1.jar;C:\Users\bunny\.m2\repository\org\slf4j\jul-to-slf4j\2.0.9\jul-to-slf4j-2.0.9.jar;C:\Users\bunny\.m2\repository\org\yaml\snakeyaml\2.2\snakeyaml-2.2.jar;C:\Users\bunny\.m2\repository\org\springframework\boot\spring-boot-starter-json\3.2.0\spring-boot-starter-json-3.2.0.jar;C:\Users\bunny\.m2\repository\com\fasterxml\jackson\core\jackson-databind\2.15.3\jackson-databind-2.15.3.jar;C:\Users\bunny\.m2\repository\com\fasterxml\jackson\core\jackson-annotations\2.15.3\jackson-annotations-2.15.3.jar;C:\Users\bunny\.m2\repository\com\fasterxml\jackson\core\jackson-core\2.15.3\jackson-core-2.15.3.jar;C:\Users\bunny\.m2\repository\com\fasterxml\jackson\datatype\jackson-datatype-jdk8\2.15.3\jackson-datatype-jdk8-2.15.3.jar;C:\Users\bunny\.m2\repository\com\fasterxml\jackson\datatype\jackson-datatype-jsr310\2.15.3\jackson-datatype-jsr310-2.15.3.jar;C:\Users\bunny\.m2\repository\com\fasterxml\jackson\module\jackson-module-parameter-names\2.15.3\jackson-module-parameter-names-2.15.3.jar;C:\Users\bunny\.m2\repository\org\springframework\boot\spring-boot-starter-tomcat\3.2.0\spring-boot-starter-tomcat-3.2.0.jar;C:\Users\bunny\.m2\repository\org\apache\tomcat\embed\tomcat-embed-core\10.1.16\tomcat-embed-core-10.1.16.jar;C:\Users\bunny\.m2\repository\org\apache\tomcat\embed\tomcat-embed-el\10.1.16\tomcat-embed-el-10.1.16.jar;C:\Users\bunny\.m2\repository\org\apache\tomcat\embed\tomcat-embed-websocket\10.1.16\tomcat-embed-websocket-10.1.16.jar;C:\Users\bunny\.m2\repository\org\springframework\spring-web\6.1.1\spring-web-6.1.1.jar;C:\Users\bunny\.m2\repository\io\micrometer\micrometer-observation\1.12.0\micrometer-observation-1.12.0.jar;C:\Users\bunny\.m2\repository\io\micrometer\micrometer-commons\1.12.0\micrometer-commons-1.12.0.jar;C:\Users\bunny\.m2\repository\org\springframework\spring-webmvc\6.1.1\spring-webmvc-6.1.1.jar;C:\Users\bunny\.m2\repository\org\springframework\spring-expression\6.1.1\spring-expression-6.1.1.jar;C:\Users\bunny\.m2\repository\org\springframework\boot\spring-boot-devtools\3.2.0\spring-boot-devtools-3.2.0.jar;C:\Users\bunny\.m2\repository\org\springframework\boot\spring-boot\3.2.0\spring-boot-3.2.0.jar;C:\Users\bunny\.m2\repository\org\springframework\boot\spring-boot-autoconfigure\3.2.0\spring-boot-autoconfigure-3.2.0.jar;C:\Users\bunny\.m2\repository\com\mysql\mysql-connector-j\8.1.0\mysql-connector-j-8.1.0.jar;C:\Users\bunny\.m2\repository\org\apache\logging\log4j\log4j-core\2.17.1\log4j-core-2.17.1.jar;C:\Users\bunny\.m2\repository\org\apache\logging\log4j\log4j-api\2.21.1\log4j-api-2.21.1.jar;C:\Users\bunny\.m2\repository\org\projectlombok\lombok\1.18.30\lombok-1.18.30.jar;C:\Users\bunny\.m2\repository\jakarta\xml\bind\jakarta.xml.bind-api\4.0.1\jakarta.xml.bind-api-4.0.1.jar;C:\Users\bunny\.m2\repository\jakarta\activation\jakarta.activation-api\2.1.2\jakarta.activation-api-2.1.2.jar;C:\Users\bunny\.m2\repository\org\springframework\spring-core\6.1.1\spring-core-6.1.1.jar;C:\Users\bunny\.m2\repository\org\springframework\spring-jcl\6.1.1\spring-jcl-6.1.1.jar
Launcher Type: SUN_STANDARD

[Global flags]
     intx CICompilerCount                          = 4                                         {product} {ergonomic}
     uint ConcGCThreads                            = 3                                         {product} {ergonomic}
     uint G1ConcRefinementThreads                  = 10                                        {product} {ergonomic}
   size_t G1HeapRegionSize                         = 2097152                                   {product} {ergonomic}
    uintx GCDrainStackTargetSize                   = 64                                        {product} {ergonomic}
   size_t InitialHeapSize                          = 266338304                                 {product} {ergonomic}
   size_t MarkStackSize                            = 4194304                                   {product} {ergonomic}
   size_t MaxHeapSize                              = 4246732800                                {product} {ergonomic}
   size_t MaxNewSize                               = 2548039680                                {product} {ergonomic}
   size_t MinHeapDeltaBytes                        = 2097152                                   {product} {ergonomic}
   size_t MinHeapSize                              = 8388608                                   {product} {ergonomic}
    uintx NonNMethodCodeHeapSize                   = 5839372                                {pd product} {ergonomic}
    uintx NonProfiledCodeHeapSize                  = 122909434                              {pd product} {ergonomic}
    uintx ProfiledCodeHeapSize                     = 122909434                              {pd product} {ergonomic}
    uintx ReservedCodeCacheSize                    = 251658240                              {pd product} {ergonomic}
     bool SegmentedCodeCache                       = true                                      {product} {ergonomic}
   size_t SoftMaxHeapSize                          = 4246732800                             {manageable} {ergonomic}
     bool UseCompressedOops                        = true                           {product lp64_product} {ergonomic}
     bool UseG1GC                                  = true                                      {product} {ergonomic}
     bool UseLargePagesIndividualAllocation        = false                                  {pd product} {ergonomic}

Logging:
Log output configuration:
 #0: stdout all=warning uptime,level,tags foldmultilines=false
 #1: stderr all=off uptime,level,tags foldmultilines=false

Environment Variables:
PATH=C:\WINDOWS\system32;C:\WINDOWS;C:\WINDOWS\System32\Wbem;C:\WINDOWS\System32\WindowsPowerShell\v1.0\;C:\WINDOWS\System32\OpenSSH\;C:\Program Files\NVIDIA Corporation\NVIDIA NvDLISR;C:\Program Files (x86)\NVIDIA Corporation\PhysX\Common;C:\Program Files\MySQL\MySQL Shell 8.0\bin\;C:\Users\bunny\AppData\Local\Microsoft\WindowsApps;
USERNAME=bunny
OS=Windows_NT
PROCESSOR_IDENTIFIER=Intel64 Family 6 Model 151 Stepping 2, GenuineIntel
TMP=C:\Users\bunny\AppData\Local\Temp
TEMP=C:\Users\bunny\AppData\Local\Temp




Periodic native trim disabled

---------------  S Y S T E M  ---------------

OS:
 Windows 11 , 64 bit Build 22621 (10.0.22621.2506)
OS uptime: 0 days 2:56 hours

CPU: total 12 (initial active 12) (6 cores per cpu, 2 threads per core) family 6 model 151 stepping 2 microcode 0x25, cx8, cmov, fxsr, ht, mmx, 3dnowpref, sse, sse2, sse3, ssse3, sse4.1, sse4.2, popcnt, lzcnt, tsc, tscinvbit, avx, avx2, aes, erms, clmul, bmi1, bmi2, adx, sha, fma, vzeroupper, clflush, clflushopt, clwb, serialize, rdtscp, rdpid, fsrm, f16c, pku, cet_ibt, cet_ss
Processor Information for all 12 processors :
  Max Mhz: 2500, Current Mhz: 2500, Mhz Limit: 2500

Memory: 4k page, system-wide physical 16195M (5266M free)
TotalPageFile size 16195M (AvailPageFile size 5M)
current process WorkingSet (physical memory assigned to process): 140M, peak: 140M
current process commit charge ("private bytes"): 397M, peak: 397M

vm_info: OpenJDK 64-Bit Server VM (21.0.1+12-29) for windows-amd64 JRE (21.0.1+12-29), built on 2023-10-05T13:27:09Z by "mach5one" with MS VC++ 17.1 (VS2022)

END.
