#
# There is insufficient memory for the Java Runtime Environment to continue.
# Native memory allocation (malloc) failed to allocate 656016 bytes for Chunk::new
# Possible reasons:
#   The system is out of physical RAM or swap space
#   The process is running with CompressedOops enabled, and the Java Heap may be blocking the growth of the native heap
# Possible solutions:
#   Reduce memory load on the system
#   Increase physical memory or swap space
#   Check if swap backing store is full
#   Decrease Java heap size (-Xmx/-Xms)
#   Decrease number of Java threads
#   Decrease Java thread stack sizes (-Xss)
#   Set larger code cache with -XX:ReservedCodeCacheSize=
#   JVM is running with Zero Based Compressed Oops mode in which the Java heap is
#     placed in the first 32GB address space. The Java Heap base address is the
#     maximum limit for the native heap growth. Please use -XX:HeapBaseMinAddress
#     to set the Java Heap base and to place the Java Heap above 32GB virtual address.
# This output file may be truncated or incomplete.
#
#  Out of Memory Error (arena.cpp:168), pid=1172, tid=17956
#
# JRE version: OpenJDK Runtime Environment (21.0.1+12) (build 21.0.1+12-29)
# Java VM: OpenJDK 64-Bit Server VM (21.0.1+12-29, mixed mode, sharing, tiered, compressed oops, compressed class ptrs, g1 gc, windows-amd64)
# No core dump will be written. Minidumps are not enabled by default on client versions of Windows
#

---------------  S U M M A R Y ------------

Command Line: -javaagent:C:\Program Files\JetBrains\IntelliJ IDEA Community Edition 2023.2.4\lib\idea_rt.jar=61924:C:\Program Files\JetBrains\IntelliJ IDEA Community Edition 2023.2.4\bin -Dfile.encoding=UTF-8 -Dsun.stdout.encoding=UTF-8 -Dsun.stderr.encoding=UTF-8 com.jb.TokenProjectApplication

Host: 12th Gen Intel(R) Core(TM) i5-12400F, 12 cores, 15G,  Windows 11 , 64 bit Build 22621 (10.0.22621.2506)
Time: Tue Dec 26 23:58:13 2023 Jerusalem Standard Time elapsed time: 1.075949 seconds (0d 0h 0m 1s)

---------------  T H R E A D  ---------------

Current thread (0x0000015ba2d75940):  JavaThread "C2 CompilerThread1" daemon [_thread_in_native, id=17956, stack(0x0000002489600000,0x0000002489700000) (1024K)]


Current CompileTask:
C2:   1075 3118       4       org.springframework.beans.factory.support.AbstractBeanFactory::isTypeMatch (619 bytes)

Stack: [0x0000002489600000,0x0000002489700000]
Native frames: (J=compiled Java code, j=interpreted, Vv=VM code, C=native code)
V  [jvm.dll+0x6c9029]
V  [jvm.dll+0x854b81]
V  [jvm.dll+0x856e5e]
V  [jvm.dll+0x857543]
V  [jvm.dll+0x280c06]
V  [jvm.dll+0xc3ead]
V  [jvm.dll+0xc43c3]
V  [jvm.dll+0x3b5732]
V  [jvm.dll+0x382475]
V  [jvm.dll+0x3818ea]
V  [jvm.dll+0x249ad0]
V  [jvm.dll+0x2490b1]
V  [jvm.dll+0x1c9ca1]
V  [jvm.dll+0x2586b9]
V  [jvm.dll+0x256c9a]
V  [jvm.dll+0x3ef1b6]
V  [jvm.dll+0x7fd728]
V  [jvm.dll+0x6c777d]
C  [ucrtbase.dll+0x29363]
C  [KERNEL32.DLL+0x1257d]
C  [ntdll.dll+0x5aa58]


---------------  P R O C E S S  ---------------

Threads class SMR info:
_java_thread_list=0x0000015be8ec82a0, length=16, elements={
0x0000015b81208900, 0x0000015ba21fc510, 0x0000015ba21fe330, 0x0000015ba21ff730,
0x0000015ba2202550, 0x0000015ba2203310, 0x0000015ba2205170, 0x0000015ba22196a0,
0x0000015ba2ab0090, 0x0000015ba2205e90, 0x0000015ba2d75940, 0x0000015ba2d75ff0,
0x0000015ba2207240, 0x0000015ba2204450, 0x0000015ba2205800, 0x0000015ba2203dc0
}

Java Threads: ( => current thread )
  0x0000015b81208900 JavaThread "main"                              [_thread_blocked, id=2420, stack(0x0000002488500000,0x0000002488600000) (1024K)]
  0x0000015ba21fc510 JavaThread "Reference Handler"          daemon [_thread_blocked, id=17440, stack(0x0000002488d00000,0x0000002488e00000) (1024K)]
  0x0000015ba21fe330 JavaThread "Finalizer"                  daemon [_thread_blocked, id=18132, stack(0x0000002488e00000,0x0000002488f00000) (1024K)]
  0x0000015ba21ff730 JavaThread "Signal Dispatcher"          daemon [_thread_blocked, id=312, stack(0x0000002488f00000,0x0000002489000000) (1024K)]
  0x0000015ba2202550 JavaThread "Attach Listener"            daemon [_thread_blocked, id=17720, stack(0x0000002489000000,0x0000002489100000) (1024K)]
  0x0000015ba2203310 JavaThread "Service Thread"             daemon [_thread_blocked, id=12544, stack(0x0000002489100000,0x0000002489200000) (1024K)]
  0x0000015ba2205170 JavaThread "Monitor Deflation Thread"   daemon [_thread_blocked, id=9028, stack(0x0000002489200000,0x0000002489300000) (1024K)]
  0x0000015ba22196a0 JavaThread "C2 CompilerThread0"         daemon [_thread_in_native, id=3784, stack(0x0000002489300000,0x0000002489400000) (1024K)]
  0x0000015ba2ab0090 JavaThread "C1 CompilerThread0"         daemon [_thread_blocked, id=4708, stack(0x0000002489400000,0x0000002489500000) (1024K)]
  0x0000015ba2205e90 JavaThread "Common-Cleaner"             daemon [_thread_blocked, id=5584, stack(0x0000002489500000,0x0000002489600000) (1024K)]
=>0x0000015ba2d75940 JavaThread "C2 CompilerThread1"         daemon [_thread_in_native, id=17956, stack(0x0000002489600000,0x0000002489700000) (1024K)]
  0x0000015ba2d75ff0 JavaThread "C2 CompilerThread2"         daemon [_thread_in_native, id=7856, stack(0x0000002489700000,0x0000002489800000) (1024K)]
  0x0000015ba2207240 JavaThread "Monitor Ctrl-Break"         daemon [_thread_in_native, id=9952, stack(0x0000002489800000,0x0000002489900000) (1024K)]
  0x0000015ba2204450 JavaThread "Notification Thread"        daemon [_thread_blocked, id=18224, stack(0x0000002489900000,0x0000002489a00000) (1024K)]
  0x0000015ba2205800 JavaThread "Thread-0"                          [_thread_blocked, id=5632, stack(0x0000002489a00000,0x0000002489b00000) (1024K)]
  0x0000015ba2203dc0 JavaThread "restartedMain"                     [_thread_in_vm, id=18304, stack(0x0000002489b00000,0x0000002489c00000) (1024K)]
Total: 16

Other Threads:
  0x0000015ba21de850 VMThread "VM Thread"                           [id=17724, stack(0x0000002488c00000,0x0000002488d00000) (1024K)]
  0x0000015ba21c4570 WatcherThread "VM Periodic Task Thread"        [id=8484, stack(0x0000002488b00000,0x0000002488c00000) (1024K)]
  0x0000015b814b67b0 WorkerThread "GC Thread#0"                     [id=1448, stack(0x0000002488600000,0x0000002488700000) (1024K)]
  0x0000015be8386030 WorkerThread "GC Thread#1"                     [id=18272, stack(0x0000002489c00000,0x0000002489d00000) (1024K)]
  0x0000015be8386c00 WorkerThread "GC Thread#2"                     [id=18212, stack(0x0000002489d00000,0x0000002489e00000) (1024K)]
  0x0000015be8673330 WorkerThread "GC Thread#3"                     [id=7596, stack(0x0000002489e00000,0x0000002489f00000) (1024K)]
  0x0000015be8673ee0 WorkerThread "GC Thread#4"                     [id=8324, stack(0x0000002489f00000,0x000000248a000000) (1024K)]
  0x0000015be8674690 WorkerThread "GC Thread#5"                     [id=18232, stack(0x000000248a000000,0x000000248a100000) (1024K)]
  0x0000015be8a1ba90 WorkerThread "GC Thread#6"                     [id=5372, stack(0x000000248a200000,0x000000248a300000) (1024K)]
  0x0000015be8c51cb0 WorkerThread "GC Thread#7"                     [id=3836, stack(0x000000248a300000,0x000000248a400000) (1024K)]
  0x0000015be8c6caf0 WorkerThread "GC Thread#8"                     [id=8392, stack(0x000000248a400000,0x000000248a500000) (1024K)]
  0x0000015be8c3b030 WorkerThread "GC Thread#9"                     [id=1492, stack(0x000000248a500000,0x000000248a600000) (1024K)]
  0x0000015b814c8570 ConcurrentGCThread "G1 Main Marker"            [id=15500, stack(0x0000002488700000,0x0000002488800000) (1024K)]
  0x0000015b814c9720 WorkerThread "G1 Conc#0"                       [id=684, stack(0x0000002488800000,0x0000002488900000) (1024K)]
  0x0000015be8c3a1b0 WorkerThread "G1 Conc#1"                       [id=2804, stack(0x000000248a100000,0x000000248a200000) (1024K)]
  0x0000015be8c3a8f0 WorkerThread "G1 Conc#2"                       [id=2336, stack(0x000000248a600000,0x000000248a700000) (1024K)]
  0x0000015b8150e880 ConcurrentGCThread "G1 Refine#0"               [id=4836, stack(0x0000002488900000,0x0000002488a00000) (1024K)]
  0x0000015ba20983e0 ConcurrentGCThread "G1 Service"                [id=10952, stack(0x0000002488a00000,0x0000002488b00000) (1024K)]
Total: 18

Threads with active compile tasks:
C2 CompilerThread0     1084 2913   !   4       jdk.internal.loader.BuiltinClassLoader::loadClassOrNull (143 bytes)
C2 CompilerThread1     1084 3118       4       org.springframework.beans.factory.support.AbstractBeanFactory::isTypeMatch (619 bytes)
C2 CompilerThread2     1084 3136       4       org.springframework.beans.factory.support.AbstractAutowireCapableBeanFactory::determineTargetType (83 bytes)
Total: 3

VM state: not at safepoint (normal execution)

VM Mutex/Monitor currently owned by a thread: None

Heap address: 0x0000000702e00000, size: 4050 MB, Compressed Oops mode: Zero based, Oop shift amount: 3

CDS archive(s) mapped at: [0x0000015ba3000000-0x0000015ba3c90000-0x0000015ba3c90000), size 13172736, SharedBaseAddress: 0x0000015ba3000000, ArchiveRelocationMode: 1.
Compressed class space mapped at: 0x0000015ba4000000-0x0000015be4000000, reserved size: 1073741824
Narrow klass base: 0x0000015ba3000000, Narrow klass shift: 0, Narrow klass range: 0x100000000

GC Precious Log:
 CardTable entry size: 512
 Card Set container configuration: InlinePtr #cards 4 size 8 Array Of Cards #cards 16 size 48 Howl #buckets 8 coarsen threshold 3686 Howl Bitmap #cards 512 size 80 coarsen threshold 460 Card regions per heap region 1 cards per card region 4096
 CPUs: 12 total, 12 available
 Memory: 16195M
 Large Page Support: Disabled
 NUMA Support: Disabled
 Compressed Oops: Enabled (Zero based)
 Heap Region Size: 2M
 Heap Min Capacity: 8M
 Heap Initial Capacity: 254M
 Heap Max Capacity: 4050M
 Pre-touch: Disabled
 Parallel Workers: 10
 Concurrent Workers: 3
 Concurrent Refinement Workers: 10
 Periodic GC: Disabled

Heap:
 garbage-first heap   total 260096K, used 13161K [0x0000000702e00000, 0x0000000800000000)
  region size 2048K, 5 young (10240K), 4 survivors (8192K)
 Metaspace       used 21209K, committed 21568K, reserved 1114112K
  class space    used 2568K, committed 2752K, reserved 1048576K

Heap Regions: E=young(eden), S=young(survivor), O=old, HS=humongous(starts), HC=humongous(continues), CS=collection set, F=free, TAMS=top-at-mark-start, PB=parsable bottom
|   0|0x0000000702e00000, 0x0000000703000000, 0x0000000703000000|100%| O|  |TAMS 0x0000000703000000| PB 0x0000000702e00000| Untracked 
|   1|0x0000000703000000, 0x0000000703200000, 0x0000000703200000|100%| O|  |TAMS 0x0000000703200000| PB 0x0000000703000000| Untracked 
|   2|0x0000000703200000, 0x00000007033fd848, 0x0000000703400000| 99%| O|  |TAMS 0x00000007033fd848| PB 0x0000000703200000| Untracked 
|   3|0x0000000703400000, 0x0000000703400000, 0x0000000703600000|  0%| F|  |TAMS 0x0000000703400000| PB 0x0000000703400000| Untracked 
|   4|0x0000000703600000, 0x0000000703600000, 0x0000000703800000|  0%| F|  |TAMS 0x0000000703600000| PB 0x0000000703600000| Untracked 
|   5|0x0000000703800000, 0x0000000703800000, 0x0000000703a00000|  0%| F|  |TAMS 0x0000000703800000| PB 0x0000000703800000| Untracked 
|   6|0x0000000703a00000, 0x0000000703a00000, 0x0000000703c00000|  0%| F|  |TAMS 0x0000000703a00000| PB 0x0000000703a00000| Untracked 
|   7|0x0000000703c00000, 0x0000000703c00000, 0x0000000703e00000|  0%| F|  |TAMS 0x0000000703c00000| PB 0x0000000703c00000| Untracked 
|   8|0x0000000703e00000, 0x0000000703e00000, 0x0000000704000000|  0%| F|  |TAMS 0x0000000703e00000| PB 0x0000000703e00000| Untracked 
|   9|0x0000000704000000, 0x0000000704000000, 0x0000000704200000|  0%| F|  |TAMS 0x0000000704000000| PB 0x0000000704000000| Untracked 
|  10|0x0000000704200000, 0x0000000704200000, 0x0000000704400000|  0%| F|  |TAMS 0x0000000704200000| PB 0x0000000704200000| Untracked 
|  11|0x0000000704400000, 0x0000000704400000, 0x0000000704600000|  0%| F|  |TAMS 0x0000000704400000| PB 0x0000000704400000| Untracked 
|  12|0x0000000704600000, 0x0000000704600000, 0x0000000704800000|  0%| F|  |TAMS 0x0000000704600000| PB 0x0000000704600000| Untracked 
|  13|0x0000000704800000, 0x0000000704800000, 0x0000000704a00000|  0%| F|  |TAMS 0x0000000704800000| PB 0x0000000704800000| Untracked 
|  14|0x0000000704a00000, 0x0000000704a00000, 0x0000000704c00000|  0%| F|  |TAMS 0x0000000704a00000| PB 0x0000000704a00000| Untracked 
|  15|0x0000000704c00000, 0x0000000704c00000, 0x0000000704e00000|  0%| F|  |TAMS 0x0000000704c00000| PB 0x0000000704c00000| Untracked 
|  16|0x0000000704e00000, 0x0000000704e00000, 0x0000000705000000|  0%| F|  |TAMS 0x0000000704e00000| PB 0x0000000704e00000| Untracked 
|  17|0x0000000705000000, 0x0000000705000000, 0x0000000705200000|  0%| F|  |TAMS 0x0000000705000000| PB 0x0000000705000000| Untracked 
|  18|0x0000000705200000, 0x0000000705200000, 0x0000000705400000|  0%| F|  |TAMS 0x0000000705200000| PB 0x0000000705200000| Untracked 
|  19|0x0000000705400000, 0x0000000705400000, 0x0000000705600000|  0%| F|  |TAMS 0x0000000705400000| PB 0x0000000705400000| Untracked 
|  20|0x0000000705600000, 0x0000000705600000, 0x0000000705800000|  0%| F|  |TAMS 0x0000000705600000| PB 0x0000000705600000| Untracked 
|  21|0x0000000705800000, 0x0000000705800000, 0x0000000705a00000|  0%| F|  |TAMS 0x0000000705800000| PB 0x0000000705800000| Untracked 
|  22|0x0000000705a00000, 0x0000000705a00000, 0x0000000705c00000|  0%| F|  |TAMS 0x0000000705a00000| PB 0x0000000705a00000| Untracked 
|  23|0x0000000705c00000, 0x0000000705c00000, 0x0000000705e00000|  0%| F|  |TAMS 0x0000000705c00000| PB 0x0000000705c00000| Untracked 
|  24|0x0000000705e00000, 0x0000000705e00000, 0x0000000706000000|  0%| F|  |TAMS 0x0000000705e00000| PB 0x0000000705e00000| Untracked 
|  25|0x0000000706000000, 0x0000000706000000, 0x0000000706200000|  0%| F|  |TAMS 0x0000000706000000| PB 0x0000000706000000| Untracked 
|  26|0x0000000706200000, 0x0000000706200000, 0x0000000706400000|  0%| F|  |TAMS 0x0000000706200000| PB 0x0000000706200000| Untracked 
|  27|0x0000000706400000, 0x0000000706400000, 0x0000000706600000|  0%| F|  |TAMS 0x0000000706400000| PB 0x0000000706400000| Untracked 
|  28|0x0000000706600000, 0x0000000706600000, 0x0000000706800000|  0%| F|  |TAMS 0x0000000706600000| PB 0x0000000706600000| Untracked 
|  29|0x0000000706800000, 0x0000000706800000, 0x0000000706a00000|  0%| F|  |TAMS 0x0000000706800000| PB 0x0000000706800000| Untracked 
|  30|0x0000000706a00000, 0x0000000706a00000, 0x0000000706c00000|  0%| F|  |TAMS 0x0000000706a00000| PB 0x0000000706a00000| Untracked 
|  31|0x0000000706c00000, 0x0000000706c00000, 0x0000000706e00000|  0%| F|  |TAMS 0x0000000706c00000| PB 0x0000000706c00000| Untracked 
|  32|0x0000000706e00000, 0x0000000706e00000, 0x0000000707000000|  0%| F|  |TAMS 0x0000000706e00000| PB 0x0000000706e00000| Untracked 
|  33|0x0000000707000000, 0x0000000707000000, 0x0000000707200000|  0%| F|  |TAMS 0x0000000707000000| PB 0x0000000707000000| Untracked 
|  34|0x0000000707200000, 0x0000000707200000, 0x0000000707400000|  0%| F|  |TAMS 0x0000000707200000| PB 0x0000000707200000| Untracked 
|  35|0x0000000707400000, 0x0000000707400000, 0x0000000707600000|  0%| F|  |TAMS 0x0000000707400000| PB 0x0000000707400000| Untracked 
|  36|0x0000000707600000, 0x0000000707600000, 0x0000000707800000|  0%| F|  |TAMS 0x0000000707600000| PB 0x0000000707600000| Untracked 
|  37|0x0000000707800000, 0x0000000707800000, 0x0000000707a00000|  0%| F|  |TAMS 0x0000000707800000| PB 0x0000000707800000| Untracked 
|  38|0x0000000707a00000, 0x0000000707a00000, 0x0000000707c00000|  0%| F|  |TAMS 0x0000000707a00000| PB 0x0000000707a00000| Untracked 
|  39|0x0000000707c00000, 0x0000000707c00000, 0x0000000707e00000|  0%| F|  |TAMS 0x0000000707c00000| PB 0x0000000707c00000| Untracked 
|  40|0x0000000707e00000, 0x0000000707e00000, 0x0000000708000000|  0%| F|  |TAMS 0x0000000707e00000| PB 0x0000000707e00000| Untracked 
|  41|0x0000000708000000, 0x0000000708000000, 0x0000000708200000|  0%| F|  |TAMS 0x0000000708000000| PB 0x0000000708000000| Untracked 
|  42|0x0000000708200000, 0x0000000708200000, 0x0000000708400000|  0%| F|  |TAMS 0x0000000708200000| PB 0x0000000708200000| Untracked 
|  43|0x0000000708400000, 0x0000000708400000, 0x0000000708600000|  0%| F|  |TAMS 0x0000000708400000| PB 0x0000000708400000| Untracked 
|  44|0x0000000708600000, 0x0000000708600000, 0x0000000708800000|  0%| F|  |TAMS 0x0000000708600000| PB 0x0000000708600000| Untracked 
|  45|0x0000000708800000, 0x0000000708800000, 0x0000000708a00000|  0%| F|  |TAMS 0x0000000708800000| PB 0x0000000708800000| Untracked 
|  46|0x0000000708a00000, 0x0000000708a00000, 0x0000000708c00000|  0%| F|  |TAMS 0x0000000708a00000| PB 0x0000000708a00000| Untracked 
|  47|0x0000000708c00000, 0x0000000708c00000, 0x0000000708e00000|  0%| F|  |TAMS 0x0000000708c00000| PB 0x0000000708c00000| Untracked 
|  48|0x0000000708e00000, 0x0000000708e00000, 0x0000000709000000|  0%| F|  |TAMS 0x0000000708e00000| PB 0x0000000708e00000| Untracked 
|  49|0x0000000709000000, 0x0000000709000000, 0x0000000709200000|  0%| F|  |TAMS 0x0000000709000000| PB 0x0000000709000000| Untracked 
|  50|0x0000000709200000, 0x0000000709200000, 0x0000000709400000|  0%| F|  |TAMS 0x0000000709200000| PB 0x0000000709200000| Untracked 
|  51|0x0000000709400000, 0x0000000709400000, 0x0000000709600000|  0%| F|  |TAMS 0x0000000709400000| PB 0x0000000709400000| Untracked 
|  52|0x0000000709600000, 0x0000000709600000, 0x0000000709800000|  0%| F|  |TAMS 0x0000000709600000| PB 0x0000000709600000| Untracked 
|  53|0x0000000709800000, 0x0000000709800000, 0x0000000709a00000|  0%| F|  |TAMS 0x0000000709800000| PB 0x0000000709800000| Untracked 
|  54|0x0000000709a00000, 0x0000000709a00000, 0x0000000709c00000|  0%| F|  |TAMS 0x0000000709a00000| PB 0x0000000709a00000| Untracked 
|  55|0x0000000709c00000, 0x0000000709c00000, 0x0000000709e00000|  0%| F|  |TAMS 0x0000000709c00000| PB 0x0000000709c00000| Untracked 
|  56|0x0000000709e00000, 0x0000000709e00000, 0x000000070a000000|  0%| F|  |TAMS 0x0000000709e00000| PB 0x0000000709e00000| Untracked 
|  57|0x000000070a000000, 0x000000070a000000, 0x000000070a200000|  0%| F|  |TAMS 0x000000070a000000| PB 0x000000070a000000| Untracked 
|  58|0x000000070a200000, 0x000000070a200000, 0x000000070a400000|  0%| F|  |TAMS 0x000000070a200000| PB 0x000000070a200000| Untracked 
|  59|0x000000070a400000, 0x000000070a400000, 0x000000070a600000|  0%| F|  |TAMS 0x000000070a400000| PB 0x000000070a400000| Untracked 
|  60|0x000000070a600000, 0x000000070a600000, 0x000000070a800000|  0%| F|  |TAMS 0x000000070a600000| PB 0x000000070a600000| Untracked 
|  61|0x000000070a800000, 0x000000070a800000, 0x000000070aa00000|  0%| F|  |TAMS 0x000000070a800000| PB 0x000000070a800000| Untracked 
|  62|0x000000070aa00000, 0x000000070aa00000, 0x000000070ac00000|  0%| F|  |TAMS 0x000000070aa00000| PB 0x000000070aa00000| Untracked 
|  63|0x000000070ac00000, 0x000000070ac00000, 0x000000070ae00000|  0%| F|  |TAMS 0x000000070ac00000| PB 0x000000070ac00000| Untracked 
|  64|0x000000070ae00000, 0x000000070ae00000, 0x000000070b000000|  0%| F|  |TAMS 0x000000070ae00000| PB 0x000000070ae00000| Untracked 
|  65|0x000000070b000000, 0x000000070b000000, 0x000000070b200000|  0%| F|  |TAMS 0x000000070b000000| PB 0x000000070b000000| Untracked 
|  66|0x000000070b200000, 0x000000070b200000, 0x000000070b400000|  0%| F|  |TAMS 0x000000070b200000| PB 0x000000070b200000| Untracked 
|  67|0x000000070b400000, 0x000000070b400000, 0x000000070b600000|  0%| F|  |TAMS 0x000000070b400000| PB 0x000000070b400000| Untracked 
|  68|0x000000070b600000, 0x000000070b600000, 0x000000070b800000|  0%| F|  |TAMS 0x000000070b600000| PB 0x000000070b600000| Untracked 
|  69|0x000000070b800000, 0x000000070b800000, 0x000000070ba00000|  0%| F|  |TAMS 0x000000070b800000| PB 0x000000070b800000| Untracked 
|  70|0x000000070ba00000, 0x000000070ba00000, 0x000000070bc00000|  0%| F|  |TAMS 0x000000070ba00000| PB 0x000000070ba00000| Untracked 
|  71|0x000000070bc00000, 0x000000070bc00000, 0x000000070be00000|  0%| F|  |TAMS 0x000000070bc00000| PB 0x000000070bc00000| Untracked 
|  72|0x000000070be00000, 0x000000070be00000, 0x000000070c000000|  0%| F|  |TAMS 0x000000070be00000| PB 0x000000070be00000| Untracked 
|  73|0x000000070c000000, 0x000000070c000000, 0x000000070c200000|  0%| F|  |TAMS 0x000000070c000000| PB 0x000000070c000000| Untracked 
|  74|0x000000070c200000, 0x000000070c200000, 0x000000070c400000|  0%| F|  |TAMS 0x000000070c200000| PB 0x000000070c200000| Untracked 
|  75|0x000000070c400000, 0x000000070c400000, 0x000000070c600000|  0%| F|  |TAMS 0x000000070c400000| PB 0x000000070c400000| Untracked 
|  76|0x000000070c600000, 0x000000070c600000, 0x000000070c800000|  0%| F|  |TAMS 0x000000070c600000| PB 0x000000070c600000| Untracked 
|  77|0x000000070c800000, 0x000000070c800000, 0x000000070ca00000|  0%| F|  |TAMS 0x000000070c800000| PB 0x000000070c800000| Untracked 
|  78|0x000000070ca00000, 0x000000070ca00000, 0x000000070cc00000|  0%| F|  |TAMS 0x000000070ca00000| PB 0x000000070ca00000| Untracked 
|  79|0x000000070cc00000, 0x000000070cc00000, 0x000000070ce00000|  0%| F|  |TAMS 0x000000070cc00000| PB 0x000000070cc00000| Untracked 
|  80|0x000000070ce00000, 0x000000070ce00000, 0x000000070d000000|  0%| F|  |TAMS 0x000000070ce00000| PB 0x000000070ce00000| Untracked 
|  81|0x000000070d000000, 0x000000070d000000, 0x000000070d200000|  0%| F|  |TAMS 0x000000070d000000| PB 0x000000070d000000| Untracked 
|  82|0x000000070d200000, 0x000000070d200000, 0x000000070d400000|  0%| F|  |TAMS 0x000000070d200000| PB 0x000000070d200000| Untracked 
|  83|0x000000070d400000, 0x000000070d400000, 0x000000070d600000|  0%| F|  |TAMS 0x000000070d400000| PB 0x000000070d400000| Untracked 
|  84|0x000000070d600000, 0x000000070d600000, 0x000000070d800000|  0%| F|  |TAMS 0x000000070d600000| PB 0x000000070d600000| Untracked 
|  85|0x000000070d800000, 0x000000070d800000, 0x000000070da00000|  0%| F|  |TAMS 0x000000070d800000| PB 0x000000070d800000| Untracked 
|  86|0x000000070da00000, 0x000000070da00000, 0x000000070dc00000|  0%| F|  |TAMS 0x000000070da00000| PB 0x000000070da00000| Untracked 
|  87|0x000000070dc00000, 0x000000070dc00000, 0x000000070de00000|  0%| F|  |TAMS 0x000000070dc00000| PB 0x000000070dc00000| Untracked 
|  88|0x000000070de00000, 0x000000070de00000, 0x000000070e000000|  0%| F|  |TAMS 0x000000070de00000| PB 0x000000070de00000| Untracked 
|  89|0x000000070e000000, 0x000000070e000000, 0x000000070e200000|  0%| F|  |TAMS 0x000000070e000000| PB 0x000000070e000000| Untracked 
|  90|0x000000070e200000, 0x000000070e200000, 0x000000070e400000|  0%| F|  |TAMS 0x000000070e200000| PB 0x000000070e200000| Untracked 
|  91|0x000000070e400000, 0x000000070e400000, 0x000000070e600000|  0%| F|  |TAMS 0x000000070e400000| PB 0x000000070e400000| Untracked 
|  92|0x000000070e600000, 0x000000070e600000, 0x000000070e800000|  0%| F|  |TAMS 0x000000070e600000| PB 0x000000070e600000| Untracked 
|  93|0x000000070e800000, 0x000000070e800000, 0x000000070ea00000|  0%| F|  |TAMS 0x000000070e800000| PB 0x000000070e800000| Untracked 
|  94|0x000000070ea00000, 0x000000070ea00000, 0x000000070ec00000|  0%| F|  |TAMS 0x000000070ea00000| PB 0x000000070ea00000| Untracked 
|  95|0x000000070ec00000, 0x000000070ec00000, 0x000000070ee00000|  0%| F|  |TAMS 0x000000070ec00000| PB 0x000000070ec00000| Untracked 
|  96|0x000000070ee00000, 0x000000070eedccd0, 0x000000070f000000| 43%| S|CS|TAMS 0x000000070ee00000| PB 0x000000070ee00000| Complete 
|  97|0x000000070f000000, 0x000000070f200000, 0x000000070f200000|100%| S|CS|TAMS 0x000000070f000000| PB 0x000000070f000000| Complete 
|  98|0x000000070f200000, 0x000000070f400000, 0x000000070f400000|100%| S|CS|TAMS 0x000000070f200000| PB 0x000000070f200000| Complete 
|  99|0x000000070f400000, 0x000000070f600000, 0x000000070f600000|100%| S|CS|TAMS 0x000000070f400000| PB 0x000000070f400000| Complete 
| 100|0x000000070f600000, 0x000000070f600000, 0x000000070f800000|  0%| F|  |TAMS 0x000000070f600000| PB 0x000000070f600000| Untracked 
| 101|0x000000070f800000, 0x000000070f800000, 0x000000070fa00000|  0%| F|  |TAMS 0x000000070f800000| PB 0x000000070f800000| Untracked 
| 102|0x000000070fa00000, 0x000000070fa00000, 0x000000070fc00000|  0%| F|  |TAMS 0x000000070fa00000| PB 0x000000070fa00000| Untracked 
| 103|0x000000070fc00000, 0x000000070fc00000, 0x000000070fe00000|  0%| F|  |TAMS 0x000000070fc00000| PB 0x000000070fc00000| Untracked 
| 104|0x000000070fe00000, 0x000000070fe00000, 0x0000000710000000|  0%| F|  |TAMS 0x000000070fe00000| PB 0x000000070fe00000| Untracked 
| 105|0x0000000710000000, 0x0000000710000000, 0x0000000710200000|  0%| F|  |TAMS 0x0000000710000000| PB 0x0000000710000000| Untracked 
| 106|0x0000000710200000, 0x0000000710200000, 0x0000000710400000|  0%| F|  |TAMS 0x0000000710200000| PB 0x0000000710200000| Untracked 
| 107|0x0000000710400000, 0x0000000710400000, 0x0000000710600000|  0%| F|  |TAMS 0x0000000710400000| PB 0x0000000710400000| Untracked 
| 108|0x0000000710600000, 0x0000000710600000, 0x0000000710800000|  0%| F|  |TAMS 0x0000000710600000| PB 0x0000000710600000| Untracked 
| 109|0x0000000710800000, 0x0000000710800000, 0x0000000710a00000|  0%| F|  |TAMS 0x0000000710800000| PB 0x0000000710800000| Untracked 
| 110|0x0000000710a00000, 0x0000000710a00000, 0x0000000710c00000|  0%| F|  |TAMS 0x0000000710a00000| PB 0x0000000710a00000| Untracked 
| 111|0x0000000710c00000, 0x0000000710c00000, 0x0000000710e00000|  0%| F|  |TAMS 0x0000000710c00000| PB 0x0000000710c00000| Untracked 
| 112|0x0000000710e00000, 0x0000000710e00000, 0x0000000711000000|  0%| F|  |TAMS 0x0000000710e00000| PB 0x0000000710e00000| Untracked 
| 113|0x0000000711000000, 0x0000000711000000, 0x0000000711200000|  0%| F|  |TAMS 0x0000000711000000| PB 0x0000000711000000| Untracked 
| 114|0x0000000711200000, 0x0000000711200000, 0x0000000711400000|  0%| F|  |TAMS 0x0000000711200000| PB 0x0000000711200000| Untracked 
| 115|0x0000000711400000, 0x0000000711400000, 0x0000000711600000|  0%| F|  |TAMS 0x0000000711400000| PB 0x0000000711400000| Untracked 
| 116|0x0000000711600000, 0x0000000711600000, 0x0000000711800000|  0%| F|  |TAMS 0x0000000711600000| PB 0x0000000711600000| Untracked 
| 117|0x0000000711800000, 0x0000000711800000, 0x0000000711a00000|  0%| F|  |TAMS 0x0000000711800000| PB 0x0000000711800000| Untracked 
| 118|0x0000000711a00000, 0x0000000711a00000, 0x0000000711c00000|  0%| F|  |TAMS 0x0000000711a00000| PB 0x0000000711a00000| Untracked 
| 119|0x0000000711c00000, 0x0000000711c00000, 0x0000000711e00000|  0%| F|  |TAMS 0x0000000711c00000| PB 0x0000000711c00000| Untracked 
| 120|0x0000000711e00000, 0x0000000711e00000, 0x0000000712000000|  0%| F|  |TAMS 0x0000000711e00000| PB 0x0000000711e00000| Untracked 
| 121|0x0000000712000000, 0x0000000712000000, 0x0000000712200000|  0%| F|  |TAMS 0x0000000712000000| PB 0x0000000712000000| Untracked 
| 122|0x0000000712200000, 0x0000000712200000, 0x0000000712400000|  0%| F|  |TAMS 0x0000000712200000| PB 0x0000000712200000| Untracked 
| 123|0x0000000712400000, 0x0000000712400000, 0x0000000712600000|  0%| F|  |TAMS 0x0000000712400000| PB 0x0000000712400000| Untracked 
| 124|0x0000000712600000, 0x0000000712600000, 0x0000000712800000|  0%| F|  |TAMS 0x0000000712600000| PB 0x0000000712600000| Untracked 
| 125|0x0000000712800000, 0x0000000712800000, 0x0000000712a00000|  0%| F|  |TAMS 0x0000000712800000| PB 0x0000000712800000| Untracked 
| 126|0x0000000712a00000, 0x0000000712bce5b8, 0x0000000712c00000| 90%| E|  |TAMS 0x0000000712a00000| PB 0x0000000712a00000| Complete 

Card table byte_map: [0x0000015b9b520000,0x0000015b9bd10000] _byte_map_base: 0x0000015b97d09000

Marking Bits: (CMBitMap*) 0x0000015b814b6dc0
 Bits: [0x0000015b9bd10000, 0x0000015b9fc58000)

Polling page: 0x0000015b81510000

Metaspace:

Usage:
  Non-class:     18.20 MB used.
      Class:      2.51 MB used.
       Both:     20.71 MB used.

Virtual space:
  Non-class space:       64.00 MB reserved,      18.38 MB ( 29%) committed,  1 nodes.
      Class space:        1.00 GB reserved,       2.69 MB ( <1%) committed,  1 nodes.
             Both:        1.06 GB reserved,      21.06 MB (  2%) committed. 

Chunk freelists:
   Non-Class:  12.91 MB
       Class:  13.17 MB
        Both:  26.08 MB

MaxMetaspaceSize: unlimited
CompressedClassSpaceSize: 1.00 GB
Initial GC threshold: 21.00 MB
Current GC threshold: 35.12 MB
CDS: on
 - commit_granule_bytes: 65536.
 - commit_granule_words: 8192.
 - virtual_space_node_default_size: 8388608.
 - enlarge_chunks_in_place: 1.
 - use_allocation_guard: 0.


Internal statistics:

num_allocs_failed_limit: 3.
num_arena_births: 298.
num_arena_deaths: 0.
num_vsnodes_births: 2.
num_vsnodes_deaths: 0.
num_space_committed: 337.
num_space_uncommitted: 0.
num_chunks_returned_to_freelist: 3.
num_chunks_taken_from_freelist: 1019.
num_chunk_merges: 3.
num_chunk_splits: 698.
num_chunks_enlarged: 498.
num_inconsistent_stats: 0.

CodeHeap 'non-profiled nmethods': size=120000Kb used=1325Kb max_used=1325Kb free=118674Kb
 bounds [0x0000015b92b80000, 0x0000015b92df0000, 0x0000015b9a0b0000]
CodeHeap 'profiled nmethods': size=120000Kb used=6386Kb max_used=6386Kb free=113613Kb
 bounds [0x0000015b8b0b0000, 0x0000015b8b6f0000, 0x0000015b925e0000]
CodeHeap 'non-nmethods': size=5760Kb used=1434Kb max_used=1465Kb free=4325Kb
 bounds [0x0000015b925e0000, 0x0000015b92850000, 0x0000015b92b80000]
 total_blobs=3694 nmethods=3172 adapters=426
 compilation: enabled
              stopped_count=0, restarted_count=0
 full_count=0

Compilation events (20 events):
Event: 1.062 Thread 0x0000015ba2d75ff0 3146       4       org.springframework.beans.factory.support.DefaultListableBeanFactory::requiresEagerInitForType (26 bytes)
Event: 1.064 Thread 0x0000015ba2ab0090 3154       3       org.springframework.util.ClassUtils::getShortName (52 bytes)
Event: 1.065 Thread 0x0000015ba2ab0090 nmethod 3154 0x0000015b8b6e0b90 code [0x0000015b8b6e0e20, 0x0000015b8b6e1800]
Event: 1.065 Thread 0x0000015ba2ab0090 3156       3       org.springframework.util.ClassUtils::getShortName (8 bytes)
Event: 1.065 Thread 0x0000015ba2ab0090 nmethod 3156 0x0000015b8b6e1c10 code [0x0000015b8b6e1e00, 0x0000015b8b6e2128]
Event: 1.065 Thread 0x0000015ba2ab0090 3155       3       org.springframework.boot.autoconfigure.condition.ConditionMessage::andCondition (21 bytes)
Event: 1.066 Thread 0x0000015ba2ab0090 nmethod 3155 0x0000015b8b6e2290 code [0x0000015b8b6e2600, 0x0000015b8b6e37f8]
Event: 1.067 Thread 0x0000015ba2ab0090 3157       1       org.springframework.beans.factory.support.GenericBeanDefinition::getParentName (5 bytes)
Event: 1.067 Thread 0x0000015ba2ab0090 nmethod 3157 0x0000015b92cc7710 code [0x0000015b92cc78a0, 0x0000015b92cc7970]
Event: 1.067 Thread 0x0000015ba2ab0090 3158       3       org.springframework.beans.factory.support.DefaultListableBeanFactory::containsBeanDefinition (17 bytes)
Event: 1.067 Thread 0x0000015ba2ab0090 nmethod 3158 0x0000015b8b6e3e90 code [0x0000015b8b6e4060, 0x0000015b8b6e43b8]
Event: 1.069 Thread 0x0000015ba2ab0090 3159       3       java.util.stream.ReferencePipeline::flatMap (30 bytes)
Event: 1.069 Thread 0x0000015ba2ab0090 nmethod 3159 0x0000015b8b6e4510 code [0x0000015b8b6e4700, 0x0000015b8b6e4bf0]
Event: 1.069 Thread 0x0000015ba2ab0090 3160       3       java.util.stream.ReferencePipeline$7::<init> (15 bytes)
Event: 1.070 Thread 0x0000015ba2ab0090 nmethod 3160 0x0000015b8b6e4e10 code [0x0000015b8b6e4fe0, 0x0000015b8b6e5268]
Event: 1.070 Thread 0x0000015ba2ab0090 3161       3       org.springframework.boot.autoconfigure.condition.ConditionEvaluationReport$$Lambda/0x0000015ba4236f18::apply (8 bytes)
Event: 1.070 Thread 0x0000015ba2ab0090 nmethod 3161 0x0000015b8b6e5390 code [0x0000015b8b6e55a0, 0x0000015b8b6e5a98]
Event: 1.070 Thread 0x0000015ba2ab0090 3162       3       org.springframework.boot.autoconfigure.condition.ConditionEvaluationReport::lambda$recordConditionEvaluation$0 (8 bytes)
Event: 1.070 Thread 0x0000015ba2ab0090 nmethod 3162 0x0000015b8b6e5c10 code [0x0000015b8b6e5e00, 0x0000015b8b6e6188]
Event: 1.074 Thread 0x0000015ba2ab0090 3163       3       org.springframework.beans.factory.support.AbstractAutowireCapableBeanFactory$FactoryBeanMethodTypeFinder::doWith (84 bytes)

GC Heap History (4 events):
Event: 0.324 GC heap before
{Heap before GC invocations=0 (full 0):
 garbage-first heap   total 260096K, used 20480K [0x0000000702e00000, 0x0000000800000000)
  region size 2048K, 11 young (22528K), 0 survivors (0K)
 Metaspace       used 5063K, committed 5312K, reserved 1114112K
  class space    used 569K, committed 704K, reserved 1048576K
}
Event: 0.326 GC heap after
{Heap after GC invocations=1 (full 0):
 garbage-first heap   total 260096K, used 6383K [0x0000000702e00000, 0x0000000800000000)
  region size 2048K, 2 young (4096K), 2 survivors (4096K)
 Metaspace       used 5063K, committed 5312K, reserved 1114112K
  class space    used 569K, committed 704K, reserved 1048576K
}
Event: 0.610 GC heap before
{Heap before GC invocations=1 (full 0):
 garbage-first heap   total 260096K, used 33007K [0x0000000702e00000, 0x0000000800000000)
  region size 2048K, 16 young (32768K), 2 survivors (4096K)
 Metaspace       used 12935K, committed 13248K, reserved 1114112K
  class space    used 1516K, committed 1664K, reserved 1048576K
}
Event: 0.613 GC heap after
{Heap after GC invocations=2 (full 0):
 garbage-first heap   total 260096K, used 9017K [0x0000000702e00000, 0x0000000800000000)
  region size 2048K, 2 young (4096K), 2 survivors (4096K)
 Metaspace       used 12935K, committed 13248K, reserved 1114112K
  class space    used 1516K, committed 1664K, reserved 1048576K
}

Dll operation events (13 events):
Event: 0.005 Loaded shared library C:\Users\bunny\.jdks\openjdk-21.0.1\bin\java.dll
Event: 0.029 Loaded shared library C:\Users\bunny\.jdks\openjdk-21.0.1\bin\jsvml.dll
Event: 0.064 Loaded shared library C:\Users\bunny\.jdks\openjdk-21.0.1\bin\zip.dll
Event: 0.066 Loaded shared library C:\Users\bunny\.jdks\openjdk-21.0.1\bin\instrument.dll
Event: 0.069 Loaded shared library C:\Users\bunny\.jdks\openjdk-21.0.1\bin\net.dll
Event: 0.070 Loaded shared library C:\Users\bunny\.jdks\openjdk-21.0.1\bin\nio.dll
Event: 0.072 Loaded shared library C:\Users\bunny\.jdks\openjdk-21.0.1\bin\zip.dll
Event: 0.111 Loaded shared library C:\Program Files\JetBrains\IntelliJ IDEA Community Edition 2023.2.4\bin\breakgen64.dll
Event: 0.116 Loaded shared library C:\Users\bunny\.jdks\openjdk-21.0.1\bin\extnet.dll
Event: 0.131 Loaded shared library C:\Users\bunny\.jdks\openjdk-21.0.1\bin\jimage.dll
Event: 0.287 Loaded shared library C:\Users\bunny\.jdks\openjdk-21.0.1\bin\management.dll
Event: 0.288 Loaded shared library C:\Users\bunny\.jdks\openjdk-21.0.1\bin\management_ext.dll
Event: 0.727 Loaded shared library C:\Users\bunny\.jdks\openjdk-21.0.1\bin\sunmscapi.dll

Deoptimization events (20 events):
Event: 0.949 Thread 0x0000015ba2203dc0 Uncommon trap: trap_request=0xffffffde fr.pc=0x0000015b92b91050 relative=0x00000000000001b0
Event: 0.949 Thread 0x0000015ba2203dc0 Uncommon trap: reason=class_check action=maybe_recompile pc=0x0000015b92b91050 method=java.lang.String.equals(Ljava/lang/Object;)Z @ 8 c2
Event: 0.949 Thread 0x0000015ba2203dc0 DEOPT PACKING pc=0x0000015b92b91050 sp=0x0000002489bfe910
Event: 0.949 Thread 0x0000015ba2203dc0 DEOPT UNPACKING pc=0x0000015b926346a2 sp=0x0000002489bfe898 mode 2
Event: 0.949 Thread 0x0000015ba2203dc0 Uncommon trap: trap_request=0xffffffde fr.pc=0x0000015b92b91050 relative=0x00000000000001b0
Event: 0.949 Thread 0x0000015ba2203dc0 Uncommon trap: reason=class_check action=maybe_recompile pc=0x0000015b92b91050 method=java.lang.String.equals(Ljava/lang/Object;)Z @ 8 c2
Event: 0.949 Thread 0x0000015ba2203dc0 DEOPT PACKING pc=0x0000015b92b91050 sp=0x0000002489bfe910
Event: 0.949 Thread 0x0000015ba2203dc0 DEOPT UNPACKING pc=0x0000015b926346a2 sp=0x0000002489bfe898 mode 2
Event: 0.949 Thread 0x0000015ba2203dc0 Uncommon trap: trap_request=0xffffffde fr.pc=0x0000015b92c9e344 relative=0x00000000000004c4
Event: 0.949 Thread 0x0000015ba2203dc0 Uncommon trap: reason=class_check action=maybe_recompile pc=0x0000015b92c9e344 method=java.lang.String.equals(Ljava/lang/Object;)Z @ 8 c2
Event: 0.949 Thread 0x0000015ba2203dc0 DEOPT PACKING pc=0x0000015b92c9e344 sp=0x0000002489bfe680
Event: 0.949 Thread 0x0000015ba2203dc0 DEOPT UNPACKING pc=0x0000015b926346a2 sp=0x0000002489bfe538 mode 2
Event: 0.949 Thread 0x0000015ba2203dc0 Uncommon trap: trap_request=0xffffffde fr.pc=0x0000015b92b91050 relative=0x00000000000001b0
Event: 0.949 Thread 0x0000015ba2203dc0 Uncommon trap: reason=class_check action=maybe_recompile pc=0x0000015b92b91050 method=java.lang.String.equals(Ljava/lang/Object;)Z @ 8 c2
Event: 0.949 Thread 0x0000015ba2203dc0 DEOPT PACKING pc=0x0000015b92b91050 sp=0x0000002489bfe5c0
Event: 0.949 Thread 0x0000015ba2203dc0 DEOPT UNPACKING pc=0x0000015b926346a2 sp=0x0000002489bfe548 mode 2
Event: 1.060 Thread 0x0000015ba2203dc0 Uncommon trap: trap_request=0xffffff45 fr.pc=0x0000015b92cc2460 relative=0x0000000000000220
Event: 1.060 Thread 0x0000015ba2203dc0 Uncommon trap: reason=unstable_if action=reinterpret pc=0x0000015b92cc2460 method=org.springframework.beans.factory.support.AbstractBeanFactory.isFactoryBean(Ljava/lang/String;Lorg/springframework/beans/factory/support/RootBeanDefinition;)Z @ 40 c2
Event: 1.060 Thread 0x0000015ba2203dc0 DEOPT PACKING pc=0x0000015b92cc2460 sp=0x0000002489bfe5f0
Event: 1.060 Thread 0x0000015ba2203dc0 DEOPT UNPACKING pc=0x0000015b926346a2 sp=0x0000002489bfe5b0 mode 2

Classes loaded (20 events):
Event: 0.762 Loading class javax/naming/ldap/LdapContext
Event: 0.762 Loading class javax/naming/directory/DirContext
Event: 0.762 Loading class javax/naming/directory/DirContext done
Event: 0.762 Loading class javax/naming/ldap/LdapContext done
Event: 0.871 Loading class java/beans/PropertyVetoException
Event: 0.871 Loading class java/beans/PropertyVetoException done
Event: 0.880 Loading class java/nio/charset/CharacterCodingException
Event: 0.880 Loading class java/nio/charset/CharacterCodingException done
Event: 1.034 Loading class jdk/internal/vm/VMSupport
Event: 1.034 Loading class jdk/internal/vm/VMSupport done
Event: 1.034 Loading class sun/nio/cs/ISO_8859_1$Encoder
Event: 1.034 Loading class sun/nio/cs/ISO_8859_1$Encoder done
Event: 1.034 Loading class sun/nio/cs/Surrogate$Parser
Event: 1.034 Loading class sun/nio/cs/Surrogate$Parser done
Event: 1.034 Loading class sun/nio/cs/Surrogate
Event: 1.034 Loading class sun/nio/cs/Surrogate done
Event: 1.044 Loading class java/lang/UnsupportedClassVersionError
Event: 1.044 Loading class java/lang/ClassFormatError
Event: 1.044 Loading class java/lang/ClassFormatError done
Event: 1.044 Loading class java/lang/UnsupportedClassVersionError done

Classes unloaded (0 events):
No events

Classes redefined (0 events):
No events

Internal exceptions (20 events):
Event: 0.499 Thread 0x0000015ba2203dc0 Exception <a 'java/lang/NoSuchMethodError'{0x00000007121fdd60}: 'java.lang.Object java.lang.invoke.DirectMethodHandle$Holder.invokeStatic(java.lang.Object, long, java.lang.Object)'> (0x00000007121fdd60) 
thrown [s\open\src\hotspot\share\interpreter\linkResolver.cpp, line 773]
Event: 0.499 Thread 0x0000015ba2203dc0 Exception <a 'java/lang/NoSuchMethodError'{0x0000000711e01b10}: 'java.lang.Object java.lang.invoke.DirectMethodHandle$Holder.invokeStaticInit(java.lang.Object, long, java.lang.Object)'> (0x0000000711e01b10) 
thrown [s\open\src\hotspot\share\interpreter\linkResolver.cpp, line 773]
Event: 0.499 Thread 0x0000015ba2203dc0 Exception <a 'java/lang/NoSuchMethodError'{0x0000000711e07278}: 'java.lang.Object java.lang.invoke.DirectMethodHandle$Holder.newInvokeSpecial(java.lang.Object, long)'> (0x0000000711e07278) 
thrown [s\open\src\hotspot\share\interpreter\linkResolver.cpp, line 773]
Event: 0.505 Thread 0x0000015ba2203dc0 Exception <a 'java/lang/NoSuchMethodError'{0x0000000711e50930}: 'void java.lang.invoke.DirectMethodHandle$Holder.invokeSpecial(java.lang.Object, java.lang.Object, java.lang.Object, java.lang.Object, java.lang.Object)'> (0x0000000711e50930) 
thrown [s\open\src\hotspot\share\interpreter\linkResolver.cpp, line 773]
Event: 0.505 Thread 0x0000015ba2203dc0 Exception <a 'java/lang/NoSuchMethodError'{0x0000000711e58198}: 'void java.lang.invoke.DirectMethodHandle$Holder.invokeVirtual(java.lang.Object, java.lang.Object, java.lang.Object, java.lang.Object)'> (0x0000000711e58198) 
thrown [s\open\src\hotspot\share\interpreter\linkResolver.cpp, line 773]
Event: 0.526 Thread 0x0000015ba2204ae0 Exception <a 'java/lang/NoClassDefFoundError'{0x0000000711fc56b8}: jakarta/validation/Validation> (0x0000000711fc56b8) 
thrown [s\open\src\hotspot\share\classfile\systemDictionary.cpp, line 301]
Event: 0.526 Thread 0x0000015ba2203dc0 Exception <a 'java/lang/IncompatibleClassChangeError'{0x0000000711fd5000}: Found class java.lang.Object, but interface was expected> (0x0000000711fd5000) 
thrown [s\open\src\hotspot\share\interpreter\linkResolver.cpp, line 840]
Event: 0.529 Thread 0x0000015ba2203dc0 Exception <a 'java/lang/NoSuchMethodError'{0x0000000711fe9fe0}: 'java.lang.Object java.lang.invoke.DirectMethodHandle$Holder.invokeStaticInit(java.lang.Object, int)'> (0x0000000711fe9fe0) 
thrown [s\open\src\hotspot\share\interpreter\linkResolver.cpp, line 773]
Event: 0.530 Thread 0x0000015ba2203dc0 Exception <a 'java/lang/NoSuchMethodError'{0x0000000711ff4120}: 'java.lang.Object java.lang.invoke.DirectMethodHandle$Holder.invokeStatic(java.lang.Object, int, java.lang.Object)'> (0x0000000711ff4120) 
thrown [s\open\src\hotspot\share\interpreter\linkResolver.cpp, line 773]
Event: 0.530 Thread 0x0000015ba2203dc0 Exception <a 'java/lang/NoSuchMethodError'{0x0000000711ff7770}: 'java.lang.Object java.lang.invoke.DirectMethodHandle$Holder.invokeStaticInit(java.lang.Object, int, java.lang.Object)'> (0x0000000711ff7770) 
thrown [s\open\src\hotspot\share\interpreter\linkResolver.cpp, line 773]
Event: 0.667 Thread 0x0000015ba2203dc0 Exception <a 'java/lang/NoSuchMethodError'{0x000000071200bd70}: 'java.lang.Object java.lang.invoke.DirectMethodHandle$Holder.invokeVirtual(java.lang.Object, java.lang.Object, java.lang.Object)'> (0x000000071200bd70) 
thrown [s\open\src\hotspot\share\interpreter\linkResolver.cpp, line 773]
Event: 0.667 Thread 0x0000015ba2204ae0 Exception <a 'java/lang/NoSuchMethodError'{0x00000007123ff830}: 'long java.lang.invoke.DirectMethodHandle$Holder.invokeSpecial(java.lang.Object, java.lang.Object)'> (0x00000007123ff830) 
thrown [s\open\src\hotspot\share\interpreter\linkResolver.cpp, line 773]
Event: 0.668 Thread 0x0000015ba2204ae0 Exception <a 'java/lang/NoSuchMethodError'{0x000000071205d070}: 'long java.lang.invoke.DirectMethodHandle$Holder.invokeStatic(java.lang.Object, java.lang.Object)'> (0x000000071205d070) 
thrown [s\open\src\hotspot\share\interpreter\linkResolver.cpp, line 773]
Event: 0.668 Thread 0x0000015ba2204ae0 Exception <a 'java/lang/NoSuchMethodError'{0x00000007120603d8}: 'long java.lang.invoke.DirectMethodHandle$Holder.invokeStaticInit(java.lang.Object, java.lang.Object)'> (0x00000007120603d8) 
thrown [s\open\src\hotspot\share\interpreter\linkResolver.cpp, line 773]
Event: 0.670 Thread 0x0000015ba2203dc0 Exception <a 'java/lang/NoSuchMethodError'{0x0000000712024328}: 'int java.lang.invoke.DirectMethodHandle$Holder.invokeSpecial(java.lang.Object, java.lang.Object, java.lang.Object, java.lang.Object, java.lang.Object)'> (0x0000000712024328) 
thrown [s\open\src\hotspot\share\interpreter\linkResolver.cpp, line 773]
Event: 0.670 Thread 0x0000015ba2204ae0 Exception <a 'java/lang/NoSuchMethodError'{0x000000071206c520}: 'long java.lang.invoke.DirectMethodHandle$Holder.invokeInterface(java.lang.Object, java.lang.Object)'> (0x000000071206c520) 
thrown [s\open\src\hotspot\share\interpreter\linkResolver.cpp, line 773]
Event: 0.670 Thread 0x0000015ba2204ae0 Exception <a 'java/lang/IncompatibleClassChangeError'{0x000000071206f7d0}: Found class java.lang.Object, but interface was expected> (0x000000071206f7d0) 
thrown [s\open\src\hotspot\share\interpreter\linkResolver.cpp, line 840]
Event: 0.671 Thread 0x0000015ba2203dc0 Exception <a 'java/lang/NoSuchMethodError'{0x000000071202c390}: 'void java.lang.invoke.DirectMethodHandle$Holder.invokeVirtual(java.lang.Object, java.lang.Object)'> (0x000000071202c390) 
thrown [s\open\src\hotspot\share\interpreter\linkResolver.cpp, line 773]
Event: 0.676 Thread 0x0000015ba2204ae0 Exception <a 'java/lang/NoSuchMethodError'{0x00000007120e3dd8}: 'java.lang.Object java.lang.invoke.DirectMethodHandle$Holder.invokeVirtual(java.lang.Object, java.lang.Object, java.lang.Object, java.lang.Object)'> (0x00000007120e3dd8) 
thrown [s\open\src\hotspot\share\interpreter\linkResolver.cpp, line 773]
Event: 0.779 Thread 0x0000015ba2203dc0 Exception <a 'java/lang/IncompatibleClassChangeError'{0x00000007115787d8}: Found class java.lang.Object, but interface was expected> (0x00000007115787d8) 
thrown [s\open\src\hotspot\share\interpreter\linkResolver.cpp, line 840]

ZGC Phase Switch (0 events):
No events

VM Operations (20 events):
Event: 0.521 Executing VM operation: HandshakeAllThreads (Deoptimize)
Event: 0.521 Executing VM operation: HandshakeAllThreads (Deoptimize) done
Event: 0.525 Executing VM operation: ICBufferFull
Event: 0.525 Executing VM operation: ICBufferFull done
Event: 0.588 Executing VM operation: HandshakeAllThreads (Deoptimize)
Event: 0.588 Executing VM operation: HandshakeAllThreads (Deoptimize) done
Event: 0.610 Executing VM operation: G1CollectForAllocation (G1 Evacuation Pause)
Event: 0.613 Executing VM operation: G1CollectForAllocation (G1 Evacuation Pause) done
Event: 0.633 Executing VM operation: HandshakeAllThreads (Deoptimize)
Event: 0.633 Executing VM operation: HandshakeAllThreads (Deoptimize) done
Event: 0.660 Executing VM operation: HandshakeAllThreads (Deoptimize)
Event: 0.660 Executing VM operation: HandshakeAllThreads (Deoptimize) done
Event: 0.699 Executing VM operation: HandshakeAllThreads (Deoptimize)
Event: 0.699 Executing VM operation: HandshakeAllThreads (Deoptimize) done
Event: 0.718 Executing VM operation: HandshakeAllThreads (Deoptimize)
Event: 0.718 Executing VM operation: HandshakeAllThreads (Deoptimize) done
Event: 0.803 Executing VM operation: ICBufferFull
Event: 0.803 Executing VM operation: ICBufferFull done
Event: 0.945 Executing VM operation: ICBufferFull
Event: 0.945 Executing VM operation: ICBufferFull done

Events (20 events):
Event: 0.017 Thread 0x0000015b81208900 Thread added: 0x0000015b81208900
Event: 0.027 Thread 0x0000015ba21fc510 Thread added: 0x0000015ba21fc510
Event: 0.027 Thread 0x0000015ba21fe330 Thread added: 0x0000015ba21fe330
Event: 0.027 Thread 0x0000015ba21ff730 Thread added: 0x0000015ba21ff730
Event: 0.027 Thread 0x0000015ba2202550 Thread added: 0x0000015ba2202550
Event: 0.027 Thread 0x0000015ba2203310 Thread added: 0x0000015ba2203310
Event: 0.027 Thread 0x0000015ba2205170 Thread added: 0x0000015ba2205170
Event: 0.027 Thread 0x0000015ba22196a0 Thread added: 0x0000015ba22196a0
Event: 0.027 Thread 0x0000015ba2ab0090 Thread added: 0x0000015ba2ab0090
Event: 0.055 Thread 0x0000015ba2205e90 Thread added: 0x0000015ba2205e90
Event: 0.080 Thread 0x0000015ba2d75940 Thread added: 0x0000015ba2d75940
Event: 0.080 Thread 0x0000015ba2d75ff0 Thread added: 0x0000015ba2d75ff0
Event: 0.112 Thread 0x0000015ba2207240 Thread added: 0x0000015ba2207240
Event: 0.112 Thread 0x0000015ba2204450 Thread added: 0x0000015ba2204450
Event: 0.311 Thread 0x0000015ba2205800 Thread added: 0x0000015ba2205800
Event: 0.313 Thread 0x0000015ba2203dc0 Thread added: 0x0000015ba2203dc0
Event: 0.524 Thread 0x0000015ba2204ae0 Thread added: 0x0000015ba2204ae0
Event: 0.735 Thread 0x0000015ba2204ae0 Thread exited: 0x0000015ba2204ae0
Event: 0.748 Thread 0x0000015ba2204ae0 Thread added: 0x0000015ba2204ae0
Event: 0.773 Thread 0x0000015ba2204ae0 Thread exited: 0x0000015ba2204ae0


Dynamic libraries:
0x00007ff6aca30000 - 0x00007ff6aca3e000 	C:\Users\bunny\.jdks\openjdk-21.0.1\bin\java.exe
0x00007ffbbf0f0000 - 0x00007ffbbf307000 	C:\WINDOWS\SYSTEM32\ntdll.dll
0x00007ffbbe5e0000 - 0x00007ffbbe6a4000 	C:\WINDOWS\System32\KERNEL32.DLL
0x00007ffbbc740000 - 0x00007ffbbcae6000 	C:\WINDOWS\System32\KERNELBASE.dll
0x00007ffbbc5b0000 - 0x00007ffbbc6c1000 	C:\WINDOWS\System32\ucrtbase.dll
0x00007ffb94e40000 - 0x00007ffb94e58000 	C:\Users\bunny\.jdks\openjdk-21.0.1\bin\jli.dll
0x00007ffb952c0000 - 0x00007ffb952db000 	C:\Users\bunny\.jdks\openjdk-21.0.1\bin\VCRUNTIME140.dll
0x00007ffbbeab0000 - 0x00007ffbbec5e000 	C:\WINDOWS\System32\USER32.dll
0x00007ffbbc460000 - 0x00007ffbbc486000 	C:\WINDOWS\System32\win32u.dll
0x00007ffbae830000 - 0x00007ffbaeac3000 	C:\WINDOWS\WinSxS\amd64_microsoft.windows.common-controls_6595b64144ccf1df_6.0.22621.2506_none_270c5ae97388e100\COMCTL32.dll
0x00007ffbbdb50000 - 0x00007ffbbdb79000 	C:\WINDOWS\System32\GDI32.dll
0x00007ffbbdb80000 - 0x00007ffbbdc27000 	C:\WINDOWS\System32\msvcrt.dll
0x00007ffbbcaf0000 - 0x00007ffbbcc08000 	C:\WINDOWS\System32\gdi32full.dll
0x00007ffbbc510000 - 0x00007ffbbc5aa000 	C:\WINDOWS\System32\msvcp_win.dll
0x00007ffbbd1d0000 - 0x00007ffbbd201000 	C:\WINDOWS\System32\IMM32.DLL
0x00007ffbac880000 - 0x00007ffbac88c000 	C:\Users\bunny\.jdks\openjdk-21.0.1\bin\vcruntime140_1.dll
0x00007ffb5e820000 - 0x00007ffb5e8ae000 	C:\Users\bunny\.jdks\openjdk-21.0.1\bin\msvcp140.dll
0x00007ffb357c0000 - 0x00007ffb364d5000 	C:\Users\bunny\.jdks\openjdk-21.0.1\bin\server\jvm.dll
0x00007ffbbe890000 - 0x00007ffbbe941000 	C:\WINDOWS\System32\ADVAPI32.dll
0x00007ffbbf000000 - 0x00007ffbbf0a5000 	C:\WINDOWS\System32\sechost.dll
0x00007ffbbe970000 - 0x00007ffbbea87000 	C:\WINDOWS\System32\RPCRT4.dll
0x00007ffbbd210000 - 0x00007ffbbd281000 	C:\WINDOWS\System32\WS2_32.dll
0x00007ffbbb2b0000 - 0x00007ffbbb2fd000 	C:\WINDOWS\SYSTEM32\POWRPROF.dll
0x00007ffbb1150000 - 0x00007ffbb1184000 	C:\WINDOWS\SYSTEM32\WINMM.dll
0x00007ffbb5aa0000 - 0x00007ffbb5aaa000 	C:\WINDOWS\SYSTEM32\VERSION.dll
0x00007ffbbb290000 - 0x00007ffbbb2a3000 	C:\WINDOWS\SYSTEM32\UMPDC.dll
0x00007ffbbb550000 - 0x00007ffbbb568000 	C:\WINDOWS\SYSTEM32\kernel.appcore.dll
0x00007ffba2c60000 - 0x00007ffba2c6a000 	C:\Users\bunny\.jdks\openjdk-21.0.1\bin\jimage.dll
0x00007ffba9790000 - 0x00007ffba99c3000 	C:\WINDOWS\SYSTEM32\DBGHELP.DLL
0x00007ffbbce40000 - 0x00007ffbbd1c9000 	C:\WINDOWS\System32\combase.dll
0x00007ffbbec60000 - 0x00007ffbbed37000 	C:\WINDOWS\System32\OLEAUT32.dll
0x00007ffb8cb40000 - 0x00007ffb8cb72000 	C:\WINDOWS\SYSTEM32\dbgcore.DLL
0x00007ffbbc490000 - 0x00007ffbbc50a000 	C:\WINDOWS\System32\bcryptPrimitives.dll
0x00007ffbb9700000 - 0x00007ffbb970f000 	C:\Users\bunny\.jdks\openjdk-21.0.1\bin\instrument.dll
0x00007ffb94040000 - 0x00007ffb9405f000 	C:\Users\bunny\.jdks\openjdk-21.0.1\bin\java.dll
0x00007ffbbdd30000 - 0x00007ffbbe58a000 	C:\WINDOWS\System32\SHELL32.dll
0x00007ffbba390000 - 0x00007ffbbac86000 	C:\WINDOWS\SYSTEM32\windows.storage.dll
0x00007ffbba250000 - 0x00007ffbba38e000 	C:\WINDOWS\SYSTEM32\wintypes.dll
0x00007ffbbd2a0000 - 0x00007ffbbd393000 	C:\WINDOWS\System32\SHCORE.dll
0x00007ffbbda40000 - 0x00007ffbbda9e000 	C:\WINDOWS\System32\shlwapi.dll
0x00007ffbbc390000 - 0x00007ffbbc3b6000 	C:\WINDOWS\SYSTEM32\profapi.dll
0x00007ffb5b080000 - 0x00007ffb5b157000 	C:\Users\bunny\.jdks\openjdk-21.0.1\bin\jsvml.dll
0x00007ffb8e130000 - 0x00007ffb8e148000 	C:\Users\bunny\.jdks\openjdk-21.0.1\bin\zip.dll
0x00007ffba0ba0000 - 0x00007ffba0bb0000 	C:\Users\bunny\.jdks\openjdk-21.0.1\bin\net.dll
0x00007ffbb5e50000 - 0x00007ffbb5f87000 	C:\WINDOWS\SYSTEM32\WINHTTP.dll
0x00007ffbbb9d0000 - 0x00007ffbbba39000 	C:\WINDOWS\system32\mswsock.dll
0x00007ffb94020000 - 0x00007ffb94036000 	C:\Users\bunny\.jdks\openjdk-21.0.1\bin\nio.dll
0x00007ffbb7a30000 - 0x00007ffbb7a4a000 	C:\Program Files\JetBrains\IntelliJ IDEA Community Edition 2023.2.4\bin\breakgen64.dll
0x00007ffba0980000 - 0x00007ffba0987000 	C:\Users\bunny\.jdks\openjdk-21.0.1\bin\extnet.dll
0x00007ffbb96f0000 - 0x00007ffbb96fa000 	C:\Users\bunny\.jdks\openjdk-21.0.1\bin\management.dll
0x00007ffbb9520000 - 0x00007ffbb952b000 	C:\Users\bunny\.jdks\openjdk-21.0.1\bin\management_ext.dll
0x00007ffbbeff0000 - 0x00007ffbbeff8000 	C:\WINDOWS\System32\PSAPI.DLL
0x00007ffbb7840000 - 0x00007ffbb784e000 	C:\Users\bunny\.jdks\openjdk-21.0.1\bin\sunmscapi.dll
0x00007ffbbcc10000 - 0x00007ffbbcd76000 	C:\WINDOWS\System32\CRYPT32.dll
0x00007ffbbbdc0000 - 0x00007ffbbbded000 	C:\WINDOWS\SYSTEM32\ncrypt.dll
0x00007ffbbbd80000 - 0x00007ffbbbdb7000 	C:\WINDOWS\SYSTEM32\NTASN1.dll

dbghelp: loaded successfully - version: 4.0.5 - missing functions: none
symbol engine: initialized successfully - sym options: 0x614 - pdb path: .;C:\Users\bunny\.jdks\openjdk-21.0.1\bin;C:\WINDOWS\SYSTEM32;C:\WINDOWS\WinSxS\amd64_microsoft.windows.common-controls_6595b64144ccf1df_6.0.22621.2506_none_270c5ae97388e100;C:\Users\bunny\.jdks\openjdk-21.0.1\bin\server;C:\Program Files\JetBrains\IntelliJ IDEA Community Edition 2023.2.4\bin

VM Arguments:
jvm_args: -javaagent:C:\Program Files\JetBrains\IntelliJ IDEA Community Edition 2023.2.4\lib\idea_rt.jar=61924:C:\Program Files\JetBrains\IntelliJ IDEA Community Edition 2023.2.4\bin -Dfile.encoding=UTF-8 -Dsun.stdout.encoding=UTF-8 -Dsun.stderr.encoding=UTF-8 
java_command: com.jb.TokenProjectApplication
java_class_path (initial): C:\Users\bunny\Desktop\TokenProject\target\classes;C:\Users\bunny\.m2\repository\org\mapstruct\mapstruct\1.5.5.Final\mapstruct-1.5.5.Final.jar;C:\Users\bunny\.m2\repository\org\springframework\boot\spring-boot-starter-data-jpa\3.2.0\spring-boot-starter-data-jpa-3.2.0.jar;C:\Users\bunny\.m2\repository\org\springframework\boot\spring-boot-starter-aop\3.2.0\spring-boot-starter-aop-3.2.0.jar;C:\Users\bunny\.m2\repository\org\springframework\spring-aop\6.1.1\spring-aop-6.1.1.jar;C:\Users\bunny\.m2\repository\org\aspectj\aspectjweaver\1.9.20.1\aspectjweaver-1.9.20.1.jar;C:\Users\bunny\.m2\repository\org\springframework\boot\spring-boot-starter-jdbc\3.2.0\spring-boot-starter-jdbc-3.2.0.jar;C:\Users\bunny\.m2\repository\com\zaxxer\HikariCP\5.0.1\HikariCP-5.0.1.jar;C:\Users\bunny\.m2\repository\org\springframework\spring-jdbc\6.1.1\spring-jdbc-6.1.1.jar;C:\Users\bunny\.m2\repository\org\hibernate\orm\hibernate-core\6.3.1.Final\hibernate-core-6.3.1.Final.jar;C:\Users\bunny\.m2\repository\jakarta\persistence\jakarta.persistence-api\3.1.0\jakarta.persistence-api-3.1.0.jar;C:\Users\bunny\.m2\repository\jakarta\transaction\jakarta.transaction-api\2.0.1\jakarta.transaction-api-2.0.1.jar;C:\Users\bunny\.m2\repository\org\jboss\logging\jboss-logging\3.5.3.Final\jboss-logging-3.5.3.Final.jar;C:\Users\bunny\.m2\repository\org\hibernate\common\hibernate-commons-annotations\6.0.6.Final\hibernate-commons-annotations-6.0.6.Final.jar;C:\Users\bunny\.m2\repository\io\smallrye\jandex\3.1.2\jandex-3.1.2.jar;C:\Users\bunny\.m2\repository\com\fasterxml\classmate\1.6.0\classmate-1.6.0.jar;C:\Users\bunny\.m2\repository\net\bytebuddy\byte-buddy\1.14.10\byte-buddy-1.14.10.jar;C:\Users\bunny\.m2\repository\org\glassfish\jaxb\jaxb-runtime\4.0.4\jaxb-runtime-4.0.4.jar;C:\Users\bunny\.m2\repository\org\glassfish\jaxb\jaxb-core\4.0.4\jaxb-core-4.0.4.jar;C:\Users\bunny\.m2\repository\org\eclipse\angus\angus-activation\2.0.1\angus-activation-2.0.1.jar;C:\Users\bunny\.m2\repository\org\glassfish\jaxb\txw2\4.0.4\txw2-4.0.4.jar;C:\Users\bunny\.m2\repository\com\sun\istack\istack-commons-runtime\4.1.2\istack-commons-runtime-4.1.2.jar;C:\Users\bunny\.m2\repository\jakarta\inject\jakarta.inject-api\2.0.1\jakarta.inject-api-2.0.1.jar;C:\Users\bunny\.m2\repository\org\antlr\antlr4-runtime\4.10.1\antlr4-runtime-4.10.1.jar;C:\Users\bunny\.m2\repository\org\springframework\data\spring-data-jpa\3.2.0\spring-data-jpa-3.2.0.jar;C:\Users\bunny\.m2\repository\org\springframework\data\spring-data-commons\3.2.0\spring-data-commons-3.2.0.jar;C:\Users\bunny\.m2\repository\org\springframework\spring-orm\6.1.1\spring-orm-6.1.1.jar;C:\Users\bunny\.m2\repository\org\springframework\spring-context\6.1.1\spring-context-6.1.1.jar;C:\Users\bunny\.m2\repository\org\springframework\spring-tx\6.1.1\spring-tx-6.1.1.jar;C:\Users\bunny\.m2\repository\org\springframework\spring-beans\6.1.1\spring-beans-6.1.1.jar;C:\Users\bunny\.m2\repository\jakarta\annotation\jakarta.annotation-api\2.1.1\jakarta.annotation-api-2.1.1.jar;C:\Users\bunny\.m2\repository\org\slf4j\slf4j-api\2.0.9\slf4j-api-2.0.9.jar;C:\Users\bunny\.m2\repository\org\springframework\spring-aspects\6.1.1\spring-aspects-6.1.1.jar;C:\Users\bunny\.m2\repository\org\springframework\boot\spring-boot-starter-web\3.2.0\spring-boot-starter-web-3.2.0.jar;C:\Users\bunny\.m2\repository\org\springframework\boot\spring-boot-starter\3.2.0\spring-boot-starter-3.2.0.jar;C:\Users\bunny\.m2\repository\org\springframework\boot\spring-boot-starter-logging\3.2.0\spring-boot-starter-logging-3.2.0.jar;C:\Users\bunny\.m2\repository\ch\qos\logback\logback-classic\1.4.11\logback-classic-1.4.11.jar;C:\Users\bunny\.m2\repository\ch\qos\logback\logback-core\1.4.11\logback-core-1.4.11.jar;C:\Users\bunny\.m2\repository\org\apache\logging\log4j\log4j-to-slf4j\2.21.1\log4j-to-slf4j-2.21.1.jar;C:\Users\bunny\.m2\repository\org\slf4j\jul-to-slf4j\2.0.9\jul-to-slf4j-2.0.9.jar;C:\Users\bunny\.m2\repository\org\yaml\snakeyaml\2.2\snakeyaml-2.2.jar;C:\Users\bunny\.m2\repository\org\springframework\boot\spring-boot-starter-json\3.2.0\spring-boot-starter-json-3.2.0.jar;C:\Users\bunny\.m2\repository\com\fasterxml\jackson\core\jackson-databind\2.15.3\jackson-databind-2.15.3.jar;C:\Users\bunny\.m2\repository\com\fasterxml\jackson\core\jackson-annotations\2.15.3\jackson-annotations-2.15.3.jar;C:\Users\bunny\.m2\repository\com\fasterxml\jackson\core\jackson-core\2.15.3\jackson-core-2.15.3.jar;C:\Users\bunny\.m2\repository\com\fasterxml\jackson\datatype\jackson-datatype-jdk8\2.15.3\jackson-datatype-jdk8-2.15.3.jar;C:\Users\bunny\.m2\repository\com\fasterxml\jackson\datatype\jackson-datatype-jsr310\2.15.3\jackson-datatype-jsr310-2.15.3.jar;C:\Users\bunny\.m2\repository\com\fasterxml\jackson\module\jackson-module-parameter-names\2.15.3\jackson-module-parameter-names-2.15.3.jar;C:\Users\bunny\.m2\repository\org\springframework\boot\spring-boot-starter-tomcat\3.2.0\spring-boot-starter-tomcat-3.2.0.jar;C:\Users\bunny\.m2\repository\org\apache\tomcat\embed\tomcat-embed-core\10.1.16\tomcat-embed-core-10.1.16.jar;C:\Users\bunny\.m2\repository\org\apache\tomcat\embed\tomcat-embed-el\10.1.16\tomcat-embed-el-10.1.16.jar;C:\Users\bunny\.m2\repository\org\apache\tomcat\embed\tomcat-embed-websocket\10.1.16\tomcat-embed-websocket-10.1.16.jar;C:\Users\bunny\.m2\repository\org\springframework\spring-web\6.1.1\spring-web-6.1.1.jar;C:\Users\bunny\.m2\repository\io\micrometer\micrometer-observation\1.12.0\micrometer-observation-1.12.0.jar;C:\Users\bunny\.m2\repository\io\micrometer\micrometer-commons\1.12.0\micrometer-commons-1.12.0.jar;C:\Users\bunny\.m2\repository\org\springframework\spring-webmvc\6.1.1\spring-webmvc-6.1.1.jar;C:\Users\bunny\.m2\repository\org\springframework\spring-expression\6.1.1\spring-expression-6.1.1.jar;C:\Users\bunny\.m2\repository\org\springframework\boot\spring-boot-devtools\3.2.0\spring-boot-devtools-3.2.0.jar;C:\Users\bunny\.m2\repository\org\springframework\boot\spring-boot\3.2.0\spring-boot-3.2.0.jar;C:\Users\bunny\.m2\repository\org\springframework\boot\spring-boot-autoconfigure\3.2.0\spring-boot-autoconfigure-3.2.0.jar;C:\Users\bunny\.m2\repository\com\mysql\mysql-connector-j\8.1.0\mysql-connector-j-8.1.0.jar;C:\Users\bunny\.m2\repository\org\apache\logging\log4j\log4j-core\2.17.1\log4j-core-2.17.1.jar;C:\Users\bunny\.m2\repository\org\apache\logging\log4j\log4j-api\2.21.1\log4j-api-2.21.1.jar;C:\Users\bunny\.m2\repository\org\projectlombok\lombok\1.18.30\lombok-1.18.30.jar;C:\Users\bunny\.m2\repository\jakarta\xml\bind\jakarta.xml.bind-api\4.0.1\jakarta.xml.bind-api-4.0.1.jar;C:\Users\bunny\.m2\repository\jakarta\activation\jakarta.activation-api\2.1.2\jakarta.activation-api-2.1.2.jar;C:\Users\bunny\.m2\repository\org\springframework\spring-core\6.1.1\spring-core-6.1.1.jar;C:\Users\bunny\.m2\repository\org\springframework\spring-jcl\6.1.1\spring-jcl-6.1.1.jar
Launcher Type: SUN_STANDARD

[Global flags]
     intx CICompilerCount                          = 4                                         {product} {ergonomic}
     uint ConcGCThreads                            = 3                                         {product} {ergonomic}
     uint G1ConcRefinementThreads                  = 10                                        {product} {ergonomic}
   size_t G1HeapRegionSize                         = 2097152                                   {product} {ergonomic}
    uintx GCDrainStackTargetSize                   = 64                                        {product} {ergonomic}
   size_t InitialHeapSize                          = 266338304                                 {product} {ergonomic}
   size_t MarkStackSize                            = 4194304                                   {product} {ergonomic}
   size_t MaxHeapSize                              = 4246732800                                {product} {ergonomic}
   size_t MaxNewSize                               = 2548039680                                {product} {ergonomic}
   size_t MinHeapDeltaBytes                        = 2097152                                   {product} {ergonomic}
   size_t MinHeapSize                              = 8388608                                   {product} {ergonomic}
    uintx NonNMethodCodeHeapSize                   = 5839372                                {pd product} {ergonomic}
    uintx NonProfiledCodeHeapSize                  = 122909434                              {pd product} {ergonomic}
    uintx ProfiledCodeHeapSize                     = 122909434                              {pd product} {ergonomic}
    uintx ReservedCodeCacheSize                    = 251658240                              {pd product} {ergonomic}
     bool SegmentedCodeCache                       = true                                      {product} {ergonomic}
   size_t SoftMaxHeapSize                          = 4246732800                             {manageable} {ergonomic}
     bool UseCompressedOops                        = true                           {product lp64_product} {ergonomic}
     bool UseG1GC                                  = true                                      {product} {ergonomic}
     bool UseLargePagesIndividualAllocation        = false                                  {pd product} {ergonomic}

Logging:
Log output configuration:
 #0: stdout all=warning uptime,level,tags foldmultilines=false
 #1: stderr all=off uptime,level,tags foldmultilines=false

Environment Variables:
PATH=C:\WINDOWS\system32;C:\WINDOWS;C:\WINDOWS\System32\Wbem;C:\WINDOWS\System32\WindowsPowerShell\v1.0\;C:\WINDOWS\System32\OpenSSH\;C:\Program Files\NVIDIA Corporation\NVIDIA NvDLISR;C:\Program Files (x86)\NVIDIA Corporation\PhysX\Common;C:\Program Files\MySQL\MySQL Shell 8.0\bin\;C:\Users\bunny\AppData\Local\Microsoft\WindowsApps;
USERNAME=bunny
OS=Windows_NT
PROCESSOR_IDENTIFIER=Intel64 Family 6 Model 151 Stepping 2, GenuineIntel
TMP=C:\Users\bunny\AppData\Local\Temp
TEMP=C:\Users\bunny\AppData\Local\Temp




Periodic native trim disabled

---------------  S Y S T E M  ---------------

OS:
 Windows 11 , 64 bit Build 22621 (10.0.22621.2506)
OS uptime: 0 days 2:56 hours

CPU: total 12 (initial active 12) (6 cores per cpu, 2 threads per core) family 6 model 151 stepping 2 microcode 0x25, cx8, cmov, fxsr, ht, mmx, 3dnowpref, sse, sse2, sse3, ssse3, sse4.1, sse4.2, popcnt, lzcnt, tsc, tscinvbit, avx, avx2, aes, erms, clmul, bmi1, bmi2, adx, sha, fma, vzeroupper, clflush, clflushopt, clwb, serialize, rdtscp, rdpid, fsrm, f16c, pku, cet_ibt, cet_ss
Processor Information for all 12 processors :
  Max Mhz: 2500, Current Mhz: 2500, Mhz Limit: 2500

Memory: 4k page, system-wide physical 16195M (5228M free)
TotalPageFile size 16195M (AvailPageFile size 133M)
current process WorkingSet (physical memory assigned to process): 172M, peak: 174M
current process commit charge ("private bytes"): 280M, peak: 411M

vm_info: OpenJDK 64-Bit Server VM (21.0.1+12-29) for windows-amd64 JRE (21.0.1+12-29), built on 2023-10-05T13:27:09Z by "mach5one" with MS VC++ 17.1 (VS2022)

END.
